{"D:\\Downloads\\sprint2\\se-project-28_racha-mheedum\\backend\\server.js": {"path":"D:\\Downloads\\sprint2\\se-project-28_racha-mheedum\\backend\\server.js","statementMap":{"0":{"start":{"line":1,"column":16},"end":{"line":1,"column":34}},"1":{"start":{"line":2,"column":15},"end":{"line":2,"column":32}},"2":{"start":{"line":3,"column":21},"end":{"line":3,"column":45}},"3":{"start":{"line":4,"column":17},"end":{"line":4,"column":36}},"4":{"start":{"line":5,"column":22},"end":{"line":5,"column":55}},"5":{"start":{"line":6,"column":15},"end":{"line":6,"column":32}},"6":{"start":{"line":7,"column":14},"end":{"line":7,"column":46}},"7":{"start":{"line":8,"column":18},"end":{"line":8,"column":47}},"8":{"start":{"line":9,"column":13},"end":{"line":9,"column":28}},"9":{"start":{"line":10,"column":13},"end":{"line":10,"column":33}},"10":{"start":{"line":11,"column":35},"end":{"line":11,"column":68}},"11":{"start":{"line":14,"column":13},"end":{"line":14,"column":28}},"12":{"start":{"line":15,"column":19},"end":{"line":15,"column":39}},"13":{"start":{"line":19,"column":0},"end":{"line":19,"column":27}},"14":{"start":{"line":22,"column":18},"end":{"line":34,"column":1}},"15":{"start":{"line":23,"column":4},"end":{"line":33,"column":5}},"16":{"start":{"line":24,"column":8},"end":{"line":28,"column":11}},"17":{"start":{"line":29,"column":8},"end":{"line":29,"column":57}},"18":{"start":{"line":31,"column":8},"end":{"line":31,"column":66}},"19":{"start":{"line":32,"column":8},"end":{"line":32,"column":24}},"20":{"start":{"line":35,"column":0},"end":{"line":35,"column":12}},"21":{"start":{"line":37,"column":12},"end":{"line":37,"column":21}},"22":{"start":{"line":40,"column":19},"end":{"line":40,"column":41}},"23":{"start":{"line":41,"column":23},"end":{"line":43,"column":56}},"24":{"start":{"line":45,"column":11},"end":{"line":51,"column":2}},"25":{"start":{"line":55,"column":0},"end":{"line":60,"column":4}},"26":{"start":{"line":63,"column":0},"end":{"line":63,"column":18}},"27":{"start":{"line":65,"column":0},"end":{"line":65,"column":24}},"28":{"start":{"line":66,"column":0},"end":{"line":66,"column":24}},"29":{"start":{"line":69,"column":0},"end":{"line":69,"column":25}},"30":{"start":{"line":72,"column":0},"end":{"line":72,"column":18}},"31":{"start":{"line":75,"column":0},"end":{"line":75,"column":15}},"32":{"start":{"line":78,"column":16},"end":{"line":81,"column":2}},"33":{"start":{"line":82,"column":0},"end":{"line":82,"column":17}},"34":{"start":{"line":85,"column":19},"end":{"line":85,"column":43}},"35":{"start":{"line":86,"column":26},"end":{"line":86,"column":57}},"36":{"start":{"line":87,"column":29},"end":{"line":87,"column":63}},"37":{"start":{"line":88,"column":24},"end":{"line":88,"column":53}},"38":{"start":{"line":89,"column":19},"end":{"line":89,"column":43}},"39":{"start":{"line":90,"column":20},"end":{"line":90,"column":46}},"40":{"start":{"line":93,"column":0},"end":{"line":93,"column":36}},"41":{"start":{"line":94,"column":0},"end":{"line":94,"column":51}},"42":{"start":{"line":95,"column":0},"end":{"line":95,"column":58}},"43":{"start":{"line":96,"column":0},"end":{"line":96,"column":46}},"44":{"start":{"line":97,"column":0},"end":{"line":97,"column":36}},"45":{"start":{"line":98,"column":0},"end":{"line":98,"column":39}},"46":{"start":{"line":101,"column":0},"end":{"line":108,"column":3}},"47":{"start":{"line":102,"column":2},"end":{"line":102,"column":49}},"48":{"start":{"line":105,"column":2},"end":{"line":107,"column":5}},"49":{"start":{"line":106,"column":4},"end":{"line":106,"column":54}},"50":{"start":{"line":113,"column":0},"end":{"line":113,"column":69}},"51":{"start":{"line":114,"column":0},"end":{"line":119,"column":3}},"52":{"start":{"line":115,"column":2},"end":{"line":115,"column":79}},"53":{"start":{"line":116,"column":2},"end":{"line":118,"column":5}},"54":{"start":{"line":117,"column":4},"end":{"line":117,"column":98}},"55":{"start":{"line":122,"column":0},"end":{"line":124,"column":3}},"56":{"start":{"line":123,"column":4},"end":{"line":123,"column":59}},"57":{"start":{"line":126,"column":0},"end":{"line":128,"column":3}},"58":{"start":{"line":127,"column":4},"end":{"line":127,"column":62}},"59":{"start":{"line":131,"column":13},"end":{"line":131,"column":37}},"60":{"start":{"line":134,"column":0},"end":{"line":139,"column":1}},"61":{"start":{"line":136,"column":4},"end":{"line":138,"column":7}},"62":{"start":{"line":137,"column":8},"end":{"line":137,"column":74}},"63":{"start":{"line":141,"column":0},"end":{"line":148,"column":3}},"64":{"start":{"line":142,"column":4},"end":{"line":142,"column":53}},"65":{"start":{"line":143,"column":4},"end":{"line":147,"column":5}},"66":{"start":{"line":144,"column":9},"end":{"line":144,"column":53}},"67":{"start":{"line":144,"column":36},"end":{"line":144,"column":51}},"68":{"start":{"line":146,"column":8},"end":{"line":146,"column":24}},"69":{"start":{"line":152,"column":0},"end":{"line":152,"column":41}}},"fnMap":{"0":{"name":"(anonymous_0)","decl":{"start":{"line":22,"column":18},"end":{"line":22,"column":19}},"loc":{"start":{"line":22,"column":30},"end":{"line":34,"column":1}},"line":22},"1":{"name":"(anonymous_1)","decl":{"start":{"line":101,"column":20},"end":{"line":101,"column":21}},"loc":{"start":{"line":101,"column":32},"end":{"line":108,"column":1}},"line":101},"2":{"name":"(anonymous_2)","decl":{"start":{"line":105,"column":26},"end":{"line":105,"column":27}},"loc":{"start":{"line":105,"column":32},"end":{"line":107,"column":3}},"line":105},"3":{"name":"(anonymous_3)","decl":{"start":{"line":114,"column":27},"end":{"line":114,"column":28}},"loc":{"start":{"line":114,"column":33},"end":{"line":119,"column":1}},"line":114},"4":{"name":"(anonymous_4)","decl":{"start":{"line":116,"column":33},"end":{"line":116,"column":34}},"loc":{"start":{"line":116,"column":40},"end":{"line":118,"column":3}},"line":116},"5":{"name":"(anonymous_5)","decl":{"start":{"line":122,"column":13},"end":{"line":122,"column":14}},"loc":{"start":{"line":122,"column":27},"end":{"line":124,"column":1}},"line":122},"6":{"name":"(anonymous_6)","decl":{"start":{"line":126,"column":17},"end":{"line":126,"column":18}},"loc":{"start":{"line":126,"column":31},"end":{"line":128,"column":1}},"line":126},"7":{"name":"(anonymous_7)","decl":{"start":{"line":136,"column":45},"end":{"line":136,"column":46}},"loc":{"start":{"line":136,"column":51},"end":{"line":138,"column":5}},"line":136},"8":{"name":"(anonymous_8)","decl":{"start":{"line":141,"column":33},"end":{"line":141,"column":34}},"loc":{"start":{"line":141,"column":51},"end":{"line":148,"column":1}},"line":141},"9":{"name":"(anonymous_9)","decl":{"start":{"line":144,"column":30},"end":{"line":144,"column":31}},"loc":{"start":{"line":144,"column":36},"end":{"line":144,"column":51}},"line":144}},"branchMap":{"0":{"loc":{"start":{"line":41,"column":23},"end":{"line":43,"column":56}},"type":"cond-expr","locations":[{"start":{"line":42,"column":6},"end":{"line":42,"column":93}},{"start":{"line":43,"column":6},"end":{"line":43,"column":56}}],"line":41},"1":{"loc":{"start":{"line":131,"column":13},"end":{"line":131,"column":37}},"type":"binary-expr","locations":[{"start":{"line":131,"column":13},"end":{"line":131,"column":29}},{"start":{"line":131,"column":33},"end":{"line":131,"column":37}}],"line":131},"2":{"loc":{"start":{"line":134,"column":0},"end":{"line":139,"column":1}},"type":"if","locations":[{"start":{"line":134,"column":0},"end":{"line":139,"column":1}},{"start":{},"end":{}}],"line":134},"3":{"loc":{"start":{"line":143,"column":4},"end":{"line":147,"column":5}},"type":"if","locations":[{"start":{"line":143,"column":4},"end":{"line":147,"column":5}},{"start":{"line":145,"column":11},"end":{"line":147,"column":5}}],"line":143}},"s":{"0":2,"1":2,"2":2,"3":2,"4":2,"5":2,"6":2,"7":2,"8":2,"9":2,"10":2,"11":2,"12":2,"13":2,"14":2,"15":2,"16":2,"17":2,"18":0,"19":0,"20":2,"21":2,"22":2,"23":2,"24":2,"25":2,"26":2,"27":2,"28":2,"29":2,"30":2,"31":2,"32":2,"33":2,"34":2,"35":2,"36":2,"37":2,"38":2,"39":2,"40":2,"41":2,"42":2,"43":2,"44":2,"45":2,"46":2,"47":0,"48":0,"49":0,"50":2,"51":2,"52":0,"53":0,"54":0,"55":2,"56":0,"57":2,"58":0,"59":2,"60":2,"61":0,"62":0,"63":2,"64":0,"65":0,"66":0,"67":0,"68":0,"69":2},"f":{"0":2,"1":0,"2":0,"3":0,"4":0,"5":0,"6":0,"7":0,"8":0,"9":0},"b":{"0":[0,2],"1":[2,0],"2":[0,2],"3":[0,0]},"_coverageSchema":"1a1c01bbd47fc00a2c39e90264f33305004495a9","hash":"307dcc0a1c8efa0bb692672da5b217694637fd3f"}
,"D:\\Downloads\\sprint2\\se-project-28_racha-mheedum\\backend\\controllers\\auth.js": {"path":"D:\\Downloads\\sprint2\\se-project-28_racha-mheedum\\backend\\controllers\\auth.js","statementMap":{"0":{"start":{"line":1,"column":13},"end":{"line":1,"column":38}},"1":{"start":{"line":2,"column":12},"end":{"line":2,"column":35}},"2":{"start":{"line":3,"column":15},"end":{"line":3,"column":34}},"3":{"start":{"line":6,"column":26},"end":{"line":25,"column":1}},"4":{"start":{"line":7,"column":18},"end":{"line":7,"column":42}},"5":{"start":{"line":10,"column":20},"end":{"line":13,"column":5}},"6":{"start":{"line":15,"column":4},"end":{"line":17,"column":5}},"7":{"start":{"line":16,"column":8},"end":{"line":16,"column":30}},"8":{"start":{"line":19,"column":4},"end":{"line":24,"column":11}},"9":{"start":{"line":30,"column":0},"end":{"line":58,"column":2}},"10":{"start":{"line":31,"column":4},"end":{"line":57,"column":5}},"11":{"start":{"line":32,"column":74},"end":{"line":32,"column":82}},"12":{"start":{"line":34,"column":8},"end":{"line":36,"column":9}},"13":{"start":{"line":35,"column":12},"end":{"line":35,"column":96}},"14":{"start":{"line":39,"column":29},"end":{"line":39,"column":58}},"15":{"start":{"line":40,"column":8},"end":{"line":42,"column":9}},"16":{"start":{"line":41,"column":12},"end":{"line":41,"column":92}},"17":{"start":{"line":45,"column":21},"end":{"line":51,"column":10}},"18":{"start":{"line":53,"column":8},"end":{"line":53,"column":42}},"19":{"start":{"line":55,"column":8},"end":{"line":55,"column":27}},"20":{"start":{"line":56,"column":8},"end":{"line":56,"column":74}},"21":{"start":{"line":63,"column":0},"end":{"line":84,"column":2}},"22":{"start":{"line":64,"column":32},"end":{"line":64,"column":40}},"23":{"start":{"line":67,"column":4},"end":{"line":69,"column":5}},"24":{"start":{"line":68,"column":8},"end":{"line":68,"column":105}},"25":{"start":{"line":72,"column":17},"end":{"line":72,"column":66}},"26":{"start":{"line":73,"column":4},"end":{"line":75,"column":5}},"27":{"start":{"line":74,"column":8},"end":{"line":74,"column":88}},"28":{"start":{"line":78,"column":20},"end":{"line":78,"column":65}},"29":{"start":{"line":79,"column":4},"end":{"line":81,"column":5}},"30":{"start":{"line":80,"column":8},"end":{"line":80,"column":88}},"31":{"start":{"line":83,"column":4},"end":{"line":83,"column":38}},"32":{"start":{"line":89,"column":0},"end":{"line":97,"column":2}},"33":{"start":{"line":90,"column":4},"end":{"line":96,"column":5}},"34":{"start":{"line":91,"column":21},"end":{"line":91,"column":54}},"35":{"start":{"line":92,"column":8},"end":{"line":92,"column":60}},"36":{"start":{"line":94,"column":8},"end":{"line":94,"column":27}},"37":{"start":{"line":95,"column":8},"end":{"line":95,"column":74}},"38":{"start":{"line":102,"column":0},"end":{"line":110,"column":2}},"39":{"start":{"line":103,"column":4},"end":{"line":109,"column":5}},"40":{"start":{"line":104,"column":8},"end":{"line":104,"column":33}},"41":{"start":{"line":105,"column":8},"end":{"line":105,"column":101}},"42":{"start":{"line":107,"column":8},"end":{"line":107,"column":46}},"43":{"start":{"line":108,"column":8},"end":{"line":108,"column":84}},"44":{"start":{"line":119,"column":0},"end":{"line":155,"column":2}},"45":{"start":{"line":120,"column":4},"end":{"line":154,"column":5}},"46":{"start":{"line":122,"column":61},"end":{"line":122,"column":69}},"47":{"start":{"line":123,"column":21},"end":{"line":123,"column":54}},"48":{"start":{"line":125,"column":8},"end":{"line":127,"column":9}},"49":{"start":{"line":126,"column":12},"end":{"line":126,"column":87}},"50":{"start":{"line":130,"column":8},"end":{"line":130,"column":71}},"51":{"start":{"line":131,"column":8},"end":{"line":131,"column":78}},"52":{"start":{"line":132,"column":8},"end":{"line":132,"column":110}},"53":{"start":{"line":133,"column":8},"end":{"line":133,"column":139}},"54":{"start":{"line":136,"column":8},"end":{"line":142,"column":9}},"55":{"start":{"line":137,"column":12},"end":{"line":137,"column":39}},"56":{"start":{"line":139,"column":12},"end":{"line":141,"column":46}},"57":{"start":{"line":144,"column":8},"end":{"line":144,"column":26}},"58":{"start":{"line":146,"column":8},"end":{"line":150,"column":11}},"59":{"start":{"line":152,"column":8},"end":{"line":152,"column":27}},"60":{"start":{"line":153,"column":8},"end":{"line":153,"column":74}},"61":{"start":{"line":159,"column":0},"end":{"line":176,"column":2}},"62":{"start":{"line":160,"column":4},"end":{"line":175,"column":5}},"63":{"start":{"line":161,"column":21},"end":{"line":161,"column":54}},"64":{"start":{"line":163,"column":8},"end":{"line":165,"column":9}},"65":{"start":{"line":164,"column":12},"end":{"line":164,"column":87}},"66":{"start":{"line":168,"column":8},"end":{"line":171,"column":11}},"67":{"start":{"line":173,"column":8},"end":{"line":173,"column":27}},"68":{"start":{"line":174,"column":8},"end":{"line":174,"column":74}}},"fnMap":{"0":{"name":"(anonymous_0)","decl":{"start":{"line":6,"column":26},"end":{"line":6,"column":27}},"loc":{"start":{"line":6,"column":53},"end":{"line":25,"column":1}},"line":6},"1":{"name":"(anonymous_1)","decl":{"start":{"line":30,"column":19},"end":{"line":30,"column":20}},"loc":{"start":{"line":30,"column":39},"end":{"line":58,"column":1}},"line":30},"2":{"name":"(anonymous_2)","decl":{"start":{"line":63,"column":16},"end":{"line":63,"column":17}},"loc":{"start":{"line":63,"column":36},"end":{"line":84,"column":1}},"line":63},"3":{"name":"(anonymous_3)","decl":{"start":{"line":89,"column":16},"end":{"line":89,"column":17}},"loc":{"start":{"line":89,"column":36},"end":{"line":97,"column":1}},"line":89},"4":{"name":"(anonymous_4)","decl":{"start":{"line":102,"column":17},"end":{"line":102,"column":18}},"loc":{"start":{"line":102,"column":31},"end":{"line":110,"column":1}},"line":102},"5":{"name":"(anonymous_5)","decl":{"start":{"line":119,"column":24},"end":{"line":119,"column":25}},"loc":{"start":{"line":119,"column":44},"end":{"line":155,"column":1}},"line":119},"6":{"name":"(anonymous_6)","decl":{"start":{"line":159,"column":24},"end":{"line":159,"column":25}},"loc":{"start":{"line":159,"column":44},"end":{"line":176,"column":1}},"line":159}},"branchMap":{"0":{"loc":{"start":{"line":15,"column":4},"end":{"line":17,"column":5}},"type":"if","locations":[{"start":{"line":15,"column":4},"end":{"line":17,"column":5}},{"start":{},"end":{}}],"line":15},"1":{"loc":{"start":{"line":32,"column":56},"end":{"line":32,"column":69}},"type":"default-arg","locations":[{"start":{"line":32,"column":63},"end":{"line":32,"column":69}}],"line":32},"2":{"loc":{"start":{"line":34,"column":8},"end":{"line":36,"column":9}},"type":"if","locations":[{"start":{"line":34,"column":8},"end":{"line":36,"column":9}},{"start":{},"end":{}}],"line":34},"3":{"loc":{"start":{"line":34,"column":12},"end":{"line":34,"column":60}},"type":"binary-expr","locations":[{"start":{"line":34,"column":12},"end":{"line":34,"column":17}},{"start":{"line":34,"column":21},"end":{"line":34,"column":27}},{"start":{"line":34,"column":31},"end":{"line":34,"column":40}},{"start":{"line":34,"column":44},"end":{"line":34,"column":60}}],"line":34},"4":{"loc":{"start":{"line":40,"column":8},"end":{"line":42,"column":9}},"type":"if","locations":[{"start":{"line":40,"column":8},"end":{"line":42,"column":9}},{"start":{},"end":{}}],"line":40},"5":{"loc":{"start":{"line":67,"column":4},"end":{"line":69,"column":5}},"type":"if","locations":[{"start":{"line":67,"column":4},"end":{"line":69,"column":5}},{"start":{},"end":{}}],"line":67},"6":{"loc":{"start":{"line":67,"column":8},"end":{"line":67,"column":27}},"type":"binary-expr","locations":[{"start":{"line":67,"column":8},"end":{"line":67,"column":14}},{"start":{"line":67,"column":18},"end":{"line":67,"column":27}}],"line":67},"7":{"loc":{"start":{"line":73,"column":4},"end":{"line":75,"column":5}},"type":"if","locations":[{"start":{"line":73,"column":4},"end":{"line":75,"column":5}},{"start":{},"end":{}}],"line":73},"8":{"loc":{"start":{"line":79,"column":4},"end":{"line":81,"column":5}},"type":"if","locations":[{"start":{"line":79,"column":4},"end":{"line":81,"column":5}},{"start":{},"end":{}}],"line":79},"9":{"loc":{"start":{"line":125,"column":8},"end":{"line":127,"column":9}},"type":"if","locations":[{"start":{"line":125,"column":8},"end":{"line":127,"column":9}},{"start":{},"end":{}}],"line":125},"10":{"loc":{"start":{"line":130,"column":31},"end":{"line":130,"column":70}},"type":"binary-expr","locations":[{"start":{"line":130,"column":31},"end":{"line":130,"column":35}},{"start":{"line":130,"column":39},"end":{"line":130,"column":59}},{"start":{"line":130,"column":63},"end":{"line":130,"column":70}}],"line":130},"11":{"loc":{"start":{"line":131,"column":33},"end":{"line":131,"column":77}},"type":"binary-expr","locations":[{"start":{"line":131,"column":33},"end":{"line":131,"column":39}},{"start":{"line":131,"column":43},"end":{"line":131,"column":65}},{"start":{"line":131,"column":69},"end":{"line":131,"column":77}}],"line":131},"12":{"loc":{"start":{"line":132,"column":36},"end":{"line":132,"column":109}},"type":"cond-expr","locations":[{"start":{"line":132,"column":48},"end":{"line":132,"column":67}},{"start":{"line":132,"column":70},"end":{"line":132,"column":109}}],"line":132},"13":{"loc":{"start":{"line":132,"column":70},"end":{"line":132,"column":109}},"type":"binary-expr","locations":[{"start":{"line":132,"column":70},"end":{"line":132,"column":95}},{"start":{"line":132,"column":99},"end":{"line":132,"column":109}}],"line":132},"14":{"loc":{"start":{"line":133,"column":34},"end":{"line":133,"column":138}},"type":"cond-expr","locations":[{"start":{"line":133,"column":44},"end":{"line":133,"column":61}},{"start":{"line":133,"column":64},"end":{"line":133,"column":138}}],"line":133},"15":{"loc":{"start":{"line":133,"column":64},"end":{"line":133,"column":138}},"type":"binary-expr","locations":[{"start":{"line":133,"column":64},"end":{"line":133,"column":87}},{"start":{"line":133,"column":91},"end":{"line":133,"column":138}}],"line":133},"16":{"loc":{"start":{"line":136,"column":8},"end":{"line":142,"column":9}},"type":"if","locations":[{"start":{"line":136,"column":8},"end":{"line":142,"column":9}},{"start":{"line":138,"column":15},"end":{"line":142,"column":9}}],"line":136},"17":{"loc":{"start":{"line":139,"column":37},"end":{"line":141,"column":45}},"type":"cond-expr","locations":[{"start":{"line":140,"column":18},"end":{"line":140,"column":24}},{"start":{"line":141,"column":18},"end":{"line":141,"column":45}}],"line":139},"18":{"loc":{"start":{"line":141,"column":18},"end":{"line":141,"column":45}},"type":"binary-expr","locations":[{"start":{"line":141,"column":18},"end":{"line":141,"column":40}},{"start":{"line":141,"column":44},"end":{"line":141,"column":45}}],"line":141},"19":{"loc":{"start":{"line":163,"column":8},"end":{"line":165,"column":9}},"type":"if","locations":[{"start":{"line":163,"column":8},"end":{"line":165,"column":9}},{"start":{},"end":{}}],"line":163}},"s":{"0":2,"1":2,"2":2,"3":2,"4":0,"5":0,"6":0,"7":0,"8":0,"9":2,"10":0,"11":0,"12":0,"13":0,"14":0,"15":0,"16":0,"17":0,"18":0,"19":0,"20":0,"21":2,"22":0,"23":0,"24":0,"25":0,"26":0,"27":0,"28":0,"29":0,"30":0,"31":0,"32":2,"33":0,"34":0,"35":0,"36":0,"37":0,"38":2,"39":0,"40":0,"41":0,"42":0,"43":0,"44":2,"45":0,"46":0,"47":0,"48":0,"49":0,"50":0,"51":0,"52":0,"53":0,"54":0,"55":0,"56":0,"57":0,"58":0,"59":0,"60":0,"61":2,"62":0,"63":0,"64":0,"65":0,"66":0,"67":0,"68":0},"f":{"0":0,"1":0,"2":0,"3":0,"4":0,"5":0,"6":0},"b":{"0":[0,0],"1":[0],"2":[0,0],"3":[0,0,0,0],"4":[0,0],"5":[0,0],"6":[0,0],"7":[0,0],"8":[0,0],"9":[0,0],"10":[0,0,0],"11":[0,0,0],"12":[0,0],"13":[0,0],"14":[0,0],"15":[0,0],"16":[0,0],"17":[0,0],"18":[0,0],"19":[0,0]},"_coverageSchema":"1a1c01bbd47fc00a2c39e90264f33305004495a9","hash":"72a9669eb117979756c50124d32ecfe5b500b5bc"}
,"D:\\Downloads\\sprint2\\se-project-28_racha-mheedum\\backend\\controllers\\coworkingSpace.js": {"path":"D:\\Downloads\\sprint2\\se-project-28_racha-mheedum\\backend\\controllers\\coworkingSpace.js","statementMap":{"0":{"start":{"line":1,"column":23},"end":{"line":1,"column":58}},"1":{"start":{"line":2,"column":18},"end":{"line":2,"column":48}},"2":{"start":{"line":8,"column":0},"end":{"line":22,"column":2}},"3":{"start":{"line":9,"column":4},"end":{"line":21,"column":5}},"4":{"start":{"line":10,"column":32},"end":{"line":10,"column":59}},"5":{"start":{"line":11,"column":8},"end":{"line":15,"column":11}},"6":{"start":{"line":17,"column":8},"end":{"line":20,"column":11}},"7":{"start":{"line":27,"column":0},"end":{"line":48,"column":2}},"8":{"start":{"line":28,"column":4},"end":{"line":47,"column":5}},"9":{"start":{"line":29,"column":31},"end":{"line":29,"column":75}},"10":{"start":{"line":31,"column":8},"end":{"line":36,"column":9}},"11":{"start":{"line":32,"column":12},"end":{"line":35,"column":15}},"12":{"start":{"line":38,"column":8},"end":{"line":41,"column":11}},"13":{"start":{"line":43,"column":8},"end":{"line":46,"column":11}},"14":{"start":{"line":53,"column":0},"end":{"line":98,"column":2}},"15":{"start":{"line":54,"column":4},"end":{"line":97,"column":5}},"16":{"start":{"line":56,"column":51},"end":{"line":56,"column":59}},"17":{"start":{"line":59,"column":31},"end":{"line":59,"column":69}},"18":{"start":{"line":62,"column":8},"end":{"line":80,"column":9}},"19":{"start":{"line":64,"column":38},"end":{"line":67,"column":15}},"20":{"start":{"line":64,"column":69},"end":{"line":67,"column":13}},"21":{"start":{"line":69,"column":12},"end":{"line":79,"column":13}},"22":{"start":{"line":71,"column":16},"end":{"line":71,"column":62}},"23":{"start":{"line":72,"column":16},"end":{"line":72,"column":137}},"24":{"start":{"line":74,"column":16},"end":{"line":74,"column":115}},"25":{"start":{"line":83,"column":8},"end":{"line":86,"column":11}},"26":{"start":{"line":90,"column":8},"end":{"line":90,"column":64}},"27":{"start":{"line":92,"column":8},"end":{"line":95,"column":11}},"28":{"start":{"line":103,"column":0},"end":{"line":131,"column":2}},"29":{"start":{"line":104,"column":4},"end":{"line":130,"column":5}},"30":{"start":{"line":105,"column":31},"end":{"line":112,"column":9}},"31":{"start":{"line":114,"column":8},"end":{"line":119,"column":9}},"32":{"start":{"line":115,"column":12},"end":{"line":118,"column":15}},"33":{"start":{"line":121,"column":8},"end":{"line":124,"column":11}},"34":{"start":{"line":126,"column":8},"end":{"line":129,"column":11}},"35":{"start":{"line":136,"column":0},"end":{"line":159,"column":2}},"36":{"start":{"line":137,"column":4},"end":{"line":158,"column":5}},"37":{"start":{"line":138,"column":31},"end":{"line":138,"column":75}},"38":{"start":{"line":140,"column":8},"end":{"line":145,"column":9}},"39":{"start":{"line":141,"column":12},"end":{"line":144,"column":15}},"40":{"start":{"line":147,"column":8},"end":{"line":147,"column":41}},"41":{"start":{"line":149,"column":8},"end":{"line":152,"column":11}},"42":{"start":{"line":154,"column":8},"end":{"line":157,"column":11}},"43":{"start":{"line":165,"column":0},"end":{"line":212,"column":2}},"44":{"start":{"line":167,"column":4},"end":{"line":211,"column":5}},"45":{"start":{"line":168,"column":8},"end":{"line":168,"column":57}},"46":{"start":{"line":170,"column":40},"end":{"line":170,"column":49}},"47":{"start":{"line":172,"column":8},"end":{"line":177,"column":9}},"48":{"start":{"line":173,"column":12},"end":{"line":176,"column":15}},"49":{"start":{"line":180,"column":20},"end":{"line":180,"column":40}},"50":{"start":{"line":181,"column":20},"end":{"line":181,"column":41}},"51":{"start":{"line":184,"column":32},"end":{"line":194,"column":10}},"52":{"start":{"line":196,"column":8},"end":{"line":196,"column":55}},"53":{"start":{"line":198,"column":8},"end":{"line":200,"column":9}},"54":{"start":{"line":199,"column":12},"end":{"line":199,"column":104}},"55":{"start":{"line":202,"column":8},"end":{"line":206,"column":11}},"56":{"start":{"line":209,"column":8},"end":{"line":209,"column":48}},"57":{"start":{"line":210,"column":8},"end":{"line":210,"column":98}}},"fnMap":{"0":{"name":"(anonymous_0)","decl":{"start":{"line":8,"column":29},"end":{"line":8,"column":30}},"loc":{"start":{"line":8,"column":55},"end":{"line":22,"column":1}},"line":8},"1":{"name":"(anonymous_1)","decl":{"start":{"line":27,"column":28},"end":{"line":27,"column":29}},"loc":{"start":{"line":27,"column":54},"end":{"line":48,"column":1}},"line":27},"2":{"name":"(anonymous_2)","decl":{"start":{"line":53,"column":31},"end":{"line":53,"column":32}},"loc":{"start":{"line":53,"column":57},"end":{"line":98,"column":1}},"line":53},"3":{"name":"(anonymous_3)","decl":{"start":{"line":64,"column":59},"end":{"line":64,"column":60}},"loc":{"start":{"line":64,"column":69},"end":{"line":67,"column":13}},"line":64},"4":{"name":"(anonymous_4)","decl":{"start":{"line":103,"column":31},"end":{"line":103,"column":32}},"loc":{"start":{"line":103,"column":57},"end":{"line":131,"column":1}},"line":103},"5":{"name":"(anonymous_5)","decl":{"start":{"line":136,"column":31},"end":{"line":136,"column":32}},"loc":{"start":{"line":136,"column":57},"end":{"line":159,"column":1}},"line":136},"6":{"name":"(anonymous_6)","decl":{"start":{"line":165,"column":36},"end":{"line":165,"column":37}},"loc":{"start":{"line":165,"column":56},"end":{"line":212,"column":1}},"line":165}},"branchMap":{"0":{"loc":{"start":{"line":31,"column":8},"end":{"line":36,"column":9}},"type":"if","locations":[{"start":{"line":31,"column":8},"end":{"line":36,"column":9}},{"start":{},"end":{}}],"line":31},"1":{"loc":{"start":{"line":62,"column":8},"end":{"line":80,"column":9}},"type":"if","locations":[{"start":{"line":62,"column":8},"end":{"line":80,"column":9}},{"start":{},"end":{}}],"line":62},"2":{"loc":{"start":{"line":62,"column":12},"end":{"line":62,"column":94}},"type":"binary-expr","locations":[{"start":{"line":62,"column":12},"end":{"line":62,"column":28}},{"start":{"line":62,"column":32},"end":{"line":62,"column":63}},{"start":{"line":62,"column":67},"end":{"line":62,"column":94}}],"line":62},"3":{"loc":{"start":{"line":94,"column":19},"end":{"line":94,"column":70}},"type":"binary-expr","locations":[{"start":{"line":94,"column":19},"end":{"line":94,"column":32}},{"start":{"line":94,"column":36},"end":{"line":94,"column":70}}],"line":94},"4":{"loc":{"start":{"line":114,"column":8},"end":{"line":119,"column":9}},"type":"if","locations":[{"start":{"line":114,"column":8},"end":{"line":119,"column":9}},{"start":{},"end":{}}],"line":114},"5":{"loc":{"start":{"line":140,"column":8},"end":{"line":145,"column":9}},"type":"if","locations":[{"start":{"line":140,"column":8},"end":{"line":145,"column":9}},{"start":{},"end":{}}],"line":140},"6":{"loc":{"start":{"line":172,"column":8},"end":{"line":177,"column":9}},"type":"if","locations":[{"start":{"line":172,"column":8},"end":{"line":177,"column":9}},{"start":{},"end":{}}],"line":172},"7":{"loc":{"start":{"line":172,"column":12},"end":{"line":172,"column":35}},"type":"binary-expr","locations":[{"start":{"line":172,"column":12},"end":{"line":172,"column":21}},{"start":{"line":172,"column":25},"end":{"line":172,"column":35}}],"line":172},"8":{"loc":{"start":{"line":198,"column":8},"end":{"line":200,"column":9}},"type":"if","locations":[{"start":{"line":198,"column":8},"end":{"line":200,"column":9}},{"start":{},"end":{}}],"line":198},"9":{"loc":{"start":{"line":210,"column":54},"end":{"line":210,"column":94}},"type":"binary-expr","locations":[{"start":{"line":210,"column":54},"end":{"line":210,"column":67}},{"start":{"line":210,"column":71},"end":{"line":210,"column":94}}],"line":210}},"s":{"0":2,"1":2,"2":2,"3":0,"4":0,"5":0,"6":0,"7":2,"8":0,"9":0,"10":0,"11":0,"12":0,"13":0,"14":2,"15":0,"16":0,"17":0,"18":0,"19":0,"20":0,"21":0,"22":0,"23":0,"24":0,"25":0,"26":0,"27":0,"28":2,"29":0,"30":0,"31":0,"32":0,"33":0,"34":0,"35":2,"36":0,"37":0,"38":0,"39":0,"40":0,"41":0,"42":0,"43":2,"44":0,"45":0,"46":0,"47":0,"48":0,"49":0,"50":0,"51":0,"52":0,"53":0,"54":0,"55":0,"56":0,"57":0},"f":{"0":0,"1":0,"2":0,"3":0,"4":0,"5":0,"6":0},"b":{"0":[0,0],"1":[0,0],"2":[0,0,0],"3":[0,0],"4":[0,0],"5":[0,0],"6":[0,0],"7":[0,0],"8":[0,0],"9":[0,0]},"_coverageSchema":"1a1c01bbd47fc00a2c39e90264f33305004495a9","hash":"d36ac989d762686e96b24512cc8e9e9d23fe398c"}
,"D:\\Downloads\\sprint2\\se-project-28_racha-mheedum\\backend\\controllers\\equipment.js": {"path":"D:\\Downloads\\sprint2\\se-project-28_racha-mheedum\\backend\\controllers\\equipment.js","statementMap":{"0":{"start":{"line":1,"column":18},"end":{"line":1,"column":48}},"1":{"start":{"line":2,"column":23},"end":{"line":2,"column":58}},"2":{"start":{"line":3,"column":21},"end":{"line":3,"column":51}},"3":{"start":{"line":4,"column":22},"end":{"line":4,"column":55}},"4":{"start":{"line":11,"column":0},"end":{"line":42,"column":3}},"5":{"start":{"line":14,"column":4},"end":{"line":28,"column":5}},"6":{"start":{"line":16,"column":22},"end":{"line":16,"column":80}},"7":{"start":{"line":17,"column":8},"end":{"line":21,"column":9}},"8":{"start":{"line":18,"column":12},"end":{"line":20,"column":14}},"9":{"start":{"line":22,"column":8},"end":{"line":22,"column":80}},"10":{"start":{"line":24,"column":8},"end":{"line":27,"column":11}},"11":{"start":{"line":30,"column":4},"end":{"line":41,"column":5}},"12":{"start":{"line":31,"column":27},"end":{"line":31,"column":38}},"13":{"start":{"line":33,"column":8},"end":{"line":37,"column":11}},"14":{"start":{"line":39,"column":8},"end":{"line":39,"column":33}},"15":{"start":{"line":40,"column":8},"end":{"line":40,"column":60}},"16":{"start":{"line":47,"column":0},"end":{"line":63,"column":3}},"17":{"start":{"line":48,"column":22},"end":{"line":51,"column":6}},"18":{"start":{"line":53,"column":4},"end":{"line":57,"column":5}},"19":{"start":{"line":54,"column":8},"end":{"line":56,"column":10}},"20":{"start":{"line":59,"column":4},"end":{"line":62,"column":7}},"21":{"start":{"line":68,"column":0},"end":{"line":90,"column":3}},"22":{"start":{"line":69,"column":4},"end":{"line":69,"column":58}},"23":{"start":{"line":74,"column":18},"end":{"line":74,"column":76}},"24":{"start":{"line":75,"column":4},"end":{"line":79,"column":5}},"25":{"start":{"line":76,"column":8},"end":{"line":78,"column":10}},"26":{"start":{"line":84,"column":22},"end":{"line":84,"column":54}},"27":{"start":{"line":86,"column":4},"end":{"line":89,"column":7}},"28":{"start":{"line":95,"column":0},"end":{"line":115,"column":3}},"29":{"start":{"line":96,"column":20},"end":{"line":96,"column":59}},"30":{"start":{"line":98,"column":4},"end":{"line":102,"column":5}},"31":{"start":{"line":99,"column":8},"end":{"line":101,"column":10}},"32":{"start":{"line":106,"column":4},"end":{"line":109,"column":7}},"33":{"start":{"line":111,"column":4},"end":{"line":114,"column":7}},"34":{"start":{"line":120,"column":0},"end":{"line":137,"column":3}},"35":{"start":{"line":121,"column":22},"end":{"line":121,"column":61}},"36":{"start":{"line":123,"column":4},"end":{"line":127,"column":5}},"37":{"start":{"line":124,"column":8},"end":{"line":126,"column":10}},"38":{"start":{"line":131,"column":4},"end":{"line":131,"column":32}},"39":{"start":{"line":133,"column":4},"end":{"line":136,"column":7}}},"fnMap":{"0":{"name":"(anonymous_0)","decl":{"start":{"line":11,"column":37},"end":{"line":11,"column":38}},"loc":{"start":{"line":11,"column":63},"end":{"line":42,"column":1}},"line":11},"1":{"name":"(anonymous_1)","decl":{"start":{"line":47,"column":36},"end":{"line":47,"column":37}},"loc":{"start":{"line":47,"column":62},"end":{"line":63,"column":1}},"line":47},"2":{"name":"(anonymous_2)","decl":{"start":{"line":68,"column":36},"end":{"line":68,"column":37}},"loc":{"start":{"line":68,"column":62},"end":{"line":90,"column":1}},"line":68},"3":{"name":"(anonymous_3)","decl":{"start":{"line":95,"column":39},"end":{"line":95,"column":40}},"loc":{"start":{"line":95,"column":65},"end":{"line":115,"column":1}},"line":95},"4":{"name":"(anonymous_4)","decl":{"start":{"line":120,"column":39},"end":{"line":120,"column":40}},"loc":{"start":{"line":120,"column":65},"end":{"line":137,"column":1}},"line":120}},"branchMap":{"0":{"loc":{"start":{"line":14,"column":4},"end":{"line":28,"column":5}},"type":"if","locations":[{"start":{"line":14,"column":4},"end":{"line":28,"column":5}},{"start":{"line":23,"column":11},"end":{"line":28,"column":5}}],"line":14},"1":{"loc":{"start":{"line":17,"column":8},"end":{"line":21,"column":9}},"type":"if","locations":[{"start":{"line":17,"column":8},"end":{"line":21,"column":9}},{"start":{},"end":{}}],"line":17},"2":{"loc":{"start":{"line":53,"column":4},"end":{"line":57,"column":5}},"type":"if","locations":[{"start":{"line":53,"column":4},"end":{"line":57,"column":5}},{"start":{},"end":{}}],"line":53},"3":{"loc":{"start":{"line":75,"column":4},"end":{"line":79,"column":5}},"type":"if","locations":[{"start":{"line":75,"column":4},"end":{"line":79,"column":5}},{"start":{},"end":{}}],"line":75},"4":{"loc":{"start":{"line":98,"column":4},"end":{"line":102,"column":5}},"type":"if","locations":[{"start":{"line":98,"column":4},"end":{"line":102,"column":5}},{"start":{},"end":{}}],"line":98},"5":{"loc":{"start":{"line":123,"column":4},"end":{"line":127,"column":5}},"type":"if","locations":[{"start":{"line":123,"column":4},"end":{"line":127,"column":5}},{"start":{},"end":{}}],"line":123}},"s":{"0":2,"1":2,"2":2,"3":2,"4":2,"5":0,"6":0,"7":0,"8":0,"9":0,"10":0,"11":0,"12":0,"13":0,"14":0,"15":0,"16":2,"17":0,"18":0,"19":0,"20":0,"21":2,"22":0,"23":0,"24":0,"25":0,"26":0,"27":0,"28":2,"29":0,"30":0,"31":0,"32":0,"33":0,"34":2,"35":0,"36":0,"37":0,"38":0,"39":0},"f":{"0":0,"1":0,"2":0,"3":0,"4":0},"b":{"0":[0,0],"1":[0,0],"2":[0,0],"3":[0,0],"4":[0,0],"5":[0,0]},"_coverageSchema":"1a1c01bbd47fc00a2c39e90264f33305004495a9","hash":"4a07c3152b69d103d47a3908709fa65322c2fb41"}
,"D:\\Downloads\\sprint2\\se-project-28_racha-mheedum\\backend\\controllers\\menuController.js": {"path":"D:\\Downloads\\sprint2\\se-project-28_racha-mheedum\\backend\\controllers\\menuController.js","statementMap":{"0":{"start":{"line":1,"column":17},"end":{"line":1,"column":46}},"1":{"start":{"line":6,"column":0},"end":{"line":21,"column":2}},"2":{"start":{"line":7,"column":4},"end":{"line":20,"column":5}},"3":{"start":{"line":10,"column":26},"end":{"line":11,"column":86}},"4":{"start":{"line":14,"column":8},"end":{"line":14,"column":46}},"5":{"start":{"line":16,"column":8},"end":{"line":16,"column":57}},"6":{"start":{"line":18,"column":8},"end":{"line":18,"column":94}}},"fnMap":{"0":{"name":"(anonymous_0)","decl":{"start":{"line":6,"column":23},"end":{"line":6,"column":24}},"loc":{"start":{"line":6,"column":49},"end":{"line":21,"column":1}},"line":6}},"branchMap":{"0":{"loc":{"start":{"line":14,"column":29},"end":{"line":14,"column":44}},"type":"binary-expr","locations":[{"start":{"line":14,"column":29},"end":{"line":14,"column":38}},{"start":{"line":14,"column":42},"end":{"line":14,"column":44}}],"line":14}},"s":{"0":2,"1":2,"2":3,"3":3,"4":3,"5":0,"6":0},"f":{"0":3},"b":{"0":[3,0]},"_coverageSchema":"1a1c01bbd47fc00a2c39e90264f33305004495a9","hash":"480b07f1620eeaff3ecd89dd341464b0c6924d97"}
,"D:\\Downloads\\sprint2\\se-project-28_racha-mheedum\\backend\\controllers\\orderController.js": {"path":"D:\\Downloads\\sprint2\\se-project-28_racha-mheedum\\backend\\controllers\\orderController.js","statementMap":{"0":{"start":{"line":1,"column":14},"end":{"line":1,"column":40}},"1":{"start":{"line":2,"column":17},"end":{"line":2,"column":46}},"2":{"start":{"line":3,"column":17},"end":{"line":3,"column":36}},"3":{"start":{"line":8,"column":0},"end":{"line":100,"column":2}},"4":{"start":{"line":9,"column":22},"end":{"line":9,"column":30}},"5":{"start":{"line":10,"column":19},"end":{"line":10,"column":31}},"6":{"start":{"line":13,"column":4},"end":{"line":15,"column":5}},"7":{"start":{"line":14,"column":8},"end":{"line":14,"column":104}},"8":{"start":{"line":17,"column":4},"end":{"line":99,"column":5}},"9":{"start":{"line":18,"column":35},"end":{"line":18,"column":36}},"10":{"start":{"line":19,"column":31},"end":{"line":19,"column":33}},"11":{"start":{"line":22,"column":8},"end":{"line":50,"column":9}},"12":{"start":{"line":24,"column":12},"end":{"line":26,"column":13}},"13":{"start":{"line":25,"column":16},"end":{"line":25,"column":192}},"14":{"start":{"line":28,"column":36},"end":{"line":28,"column":74}},"15":{"start":{"line":31,"column":12},"end":{"line":34,"column":13}},"16":{"start":{"line":33,"column":16},"end":{"line":33,"column":120}},"17":{"start":{"line":37,"column":12},"end":{"line":39,"column":13}},"18":{"start":{"line":38,"column":17},"end":{"line":38,"column":160}},"19":{"start":{"line":42,"column":12},"end":{"line":42,"column":74}},"20":{"start":{"line":45,"column":12},"end":{"line":49,"column":15}},"21":{"start":{"line":53,"column":8},"end":{"line":53,"column":76}},"22":{"start":{"line":56,"column":25},"end":{"line":61,"column":10}},"23":{"start":{"line":64,"column":19},"end":{"line":64,"column":36}},"24":{"start":{"line":65,"column":8},"end":{"line":72,"column":9}},"25":{"start":{"line":68,"column":12},"end":{"line":68,"column":43}},"26":{"start":{"line":69,"column":13},"end":{"line":69,"column":87}},"27":{"start":{"line":71,"column":13},"end":{"line":71,"column":76}},"28":{"start":{"line":76,"column":8},"end":{"line":76,"column":64}},"29":{"start":{"line":82,"column":8},"end":{"line":82,"column":51}},"30":{"start":{"line":84,"column":8},"end":{"line":91,"column":9}},"31":{"start":{"line":86,"column":27},"end":{"line":89,"column":18}},"32":{"start":{"line":87,"column":16},"end":{"line":87,"column":36}},"33":{"start":{"line":88,"column":16},"end":{"line":88,"column":27}},"34":{"start":{"line":90,"column":12},"end":{"line":90,"column":105}},"35":{"start":{"line":93,"column":8},"end":{"line":95,"column":9}},"36":{"start":{"line":94,"column":13},"end":{"line":94,"column":103}},"37":{"start":{"line":97,"column":8},"end":{"line":97,"column":86}},"38":{"start":{"line":105,"column":0},"end":{"line":146,"column":2}},"39":{"start":{"line":106,"column":24},"end":{"line":106,"column":34}},"40":{"start":{"line":107,"column":19},"end":{"line":107,"column":31}},"41":{"start":{"line":108,"column":21},"end":{"line":108,"column":34}},"42":{"start":{"line":111,"column":4},"end":{"line":113,"column":5}},"43":{"start":{"line":112,"column":8},"end":{"line":112,"column":102}},"44":{"start":{"line":115,"column":4},"end":{"line":145,"column":5}},"45":{"start":{"line":116,"column":22},"end":{"line":118,"column":74}},"46":{"start":{"line":121,"column":8},"end":{"line":123,"column":9}},"47":{"start":{"line":122,"column":12},"end":{"line":122,"column":106}},"48":{"start":{"line":127,"column":8},"end":{"line":132,"column":9}},"49":{"start":{"line":129,"column":12},"end":{"line":129,"column":106}},"50":{"start":{"line":135,"column":8},"end":{"line":135,"column":61}},"51":{"start":{"line":138,"column":8},"end":{"line":138,"column":63}},"52":{"start":{"line":140,"column":9},"end":{"line":142,"column":9}},"53":{"start":{"line":141,"column":13},"end":{"line":141,"column":107}},"54":{"start":{"line":143,"column":8},"end":{"line":143,"column":87}}},"fnMap":{"0":{"name":"(anonymous_0)","decl":{"start":{"line":8,"column":21},"end":{"line":8,"column":22}},"loc":{"start":{"line":8,"column":47},"end":{"line":100,"column":1}},"line":8},"1":{"name":"(anonymous_1)","decl":{"start":{"line":86,"column":60},"end":{"line":86,"column":61}},"loc":{"start":{"line":86,"column":88},"end":{"line":89,"column":13}},"line":86},"2":{"name":"(anonymous_2)","decl":{"start":{"line":105,"column":23},"end":{"line":105,"column":24}},"loc":{"start":{"line":105,"column":49},"end":{"line":146,"column":1}},"line":105}},"branchMap":{"0":{"loc":{"start":{"line":13,"column":4},"end":{"line":15,"column":5}},"type":"if","locations":[{"start":{"line":13,"column":4},"end":{"line":15,"column":5}},{"start":{},"end":{}}],"line":13},"1":{"loc":{"start":{"line":13,"column":8},"end":{"line":13,"column":61}},"type":"binary-expr","locations":[{"start":{"line":13,"column":8},"end":{"line":13,"column":14}},{"start":{"line":13,"column":18},"end":{"line":13,"column":39}},{"start":{"line":13,"column":43},"end":{"line":13,"column":61}}],"line":13},"2":{"loc":{"start":{"line":24,"column":12},"end":{"line":26,"column":13}},"type":"if","locations":[{"start":{"line":24,"column":12},"end":{"line":26,"column":13}},{"start":{},"end":{}}],"line":24},"3":{"loc":{"start":{"line":24,"column":16},"end":{"line":24,"column":163}},"type":"binary-expr","locations":[{"start":{"line":24,"column":16},"end":{"line":24,"column":30}},{"start":{"line":24,"column":34},"end":{"line":24,"column":81}},{"start":{"line":24,"column":85},"end":{"line":24,"column":106}},{"start":{"line":24,"column":110},"end":{"line":24,"column":127}},{"start":{"line":24,"column":131},"end":{"line":24,"column":163}}],"line":24},"4":{"loc":{"start":{"line":31,"column":12},"end":{"line":34,"column":13}},"type":"if","locations":[{"start":{"line":31,"column":12},"end":{"line":34,"column":13}},{"start":{},"end":{}}],"line":31},"5":{"loc":{"start":{"line":37,"column":12},"end":{"line":39,"column":13}},"type":"if","locations":[{"start":{"line":37,"column":12},"end":{"line":39,"column":13}},{"start":{},"end":{}}],"line":37},"6":{"loc":{"start":{"line":65,"column":8},"end":{"line":72,"column":9}},"type":"if","locations":[{"start":{"line":65,"column":8},"end":{"line":72,"column":9}},{"start":{"line":70,"column":15},"end":{"line":72,"column":9}}],"line":65},"7":{"loc":{"start":{"line":84,"column":8},"end":{"line":91,"column":9}},"type":"if","locations":[{"start":{"line":84,"column":8},"end":{"line":91,"column":9}},{"start":{},"end":{}}],"line":84},"8":{"loc":{"start":{"line":93,"column":8},"end":{"line":95,"column":9}},"type":"if","locations":[{"start":{"line":93,"column":8},"end":{"line":95,"column":9}},{"start":{},"end":{}}],"line":93},"9":{"loc":{"start":{"line":93,"column":12},"end":{"line":93,"column":63}},"type":"binary-expr","locations":[{"start":{"line":93,"column":12},"end":{"line":93,"column":36}},{"start":{"line":93,"column":40},"end":{"line":93,"column":63}}],"line":93},"10":{"loc":{"start":{"line":111,"column":4},"end":{"line":113,"column":5}},"type":"if","locations":[{"start":{"line":111,"column":4},"end":{"line":113,"column":5}},{"start":{},"end":{}}],"line":111},"11":{"loc":{"start":{"line":121,"column":8},"end":{"line":123,"column":9}},"type":"if","locations":[{"start":{"line":121,"column":8},"end":{"line":123,"column":9}},{"start":{},"end":{}}],"line":121},"12":{"loc":{"start":{"line":127,"column":8},"end":{"line":132,"column":9}},"type":"if","locations":[{"start":{"line":127,"column":8},"end":{"line":132,"column":9}},{"start":{},"end":{}}],"line":127},"13":{"loc":{"start":{"line":127,"column":12},"end":{"line":127,"column":83}},"type":"binary-expr","locations":[{"start":{"line":127,"column":12},"end":{"line":127,"column":59}},{"start":{"line":127,"column":63},"end":{"line":127,"column":83}}],"line":127},"14":{"loc":{"start":{"line":140,"column":9},"end":{"line":142,"column":9}},"type":"if","locations":[{"start":{"line":140,"column":9},"end":{"line":142,"column":9}},{"start":{},"end":{}}],"line":140},"15":{"loc":{"start":{"line":140,"column":13},"end":{"line":140,"column":64}},"type":"binary-expr","locations":[{"start":{"line":140,"column":13},"end":{"line":140,"column":37}},{"start":{"line":140,"column":41},"end":{"line":140,"column":64}}],"line":140}},"s":{"0":2,"1":2,"2":2,"3":2,"4":9,"5":9,"6":9,"7":2,"8":7,"9":7,"10":7,"11":7,"12":8,"13":4,"14":4,"15":4,"16":1,"17":3,"18":1,"19":2,"20":2,"21":1,"22":1,"23":1,"24":1,"25":1,"26":1,"27":0,"28":1,"29":0,"30":0,"31":0,"32":0,"33":0,"34":0,"35":0,"36":0,"37":0,"38":2,"39":4,"40":4,"41":4,"42":4,"43":1,"44":3,"45":3,"46":3,"47":1,"48":2,"49":1,"50":1,"51":0,"52":0,"53":0,"54":0},"f":{"0":9,"1":0,"2":4},"b":{"0":[2,7],"1":[9,8,8],"2":[4,4],"3":[8,7,6,5,4],"4":[1,3],"5":[1,2],"6":[1,0],"7":[0,0],"8":[0,0],"9":[0,0],"10":[1,3],"11":[1,2],"12":[1,1],"13":[2,1],"14":[0,0],"15":[0,0]},"_coverageSchema":"1a1c01bbd47fc00a2c39e90264f33305004495a9","hash":"a48b8526664e043588afe2b7b74b5fe28bb4d243"}
,"D:\\Downloads\\sprint2\\se-project-28_racha-mheedum\\backend\\controllers\\reservation.js": {"path":"D:\\Downloads\\sprint2\\se-project-28_racha-mheedum\\backend\\controllers\\reservation.js","statementMap":{"0":{"start":{"line":1,"column":20},"end":{"line":1,"column":52}},"1":{"start":{"line":2,"column":23},"end":{"line":2,"column":58}},"2":{"start":{"line":3,"column":18},"end":{"line":3,"column":48}},"3":{"start":{"line":4,"column":22},"end":{"line":4,"column":51}},"4":{"start":{"line":5,"column":22},"end":{"line":5,"column":55}},"5":{"start":{"line":6,"column":13},"end":{"line":6,"column":38}},"6":{"start":{"line":8,"column":0},"end":{"line":62,"column":2}},"7":{"start":{"line":9,"column":4},"end":{"line":61,"column":5}},"8":{"start":{"line":10,"column":31},"end":{"line":10,"column":41}},"9":{"start":{"line":12,"column":8},"end":{"line":17,"column":9}},"10":{"start":{"line":13,"column":12},"end":{"line":16,"column":15}},"11":{"start":{"line":20,"column":29},"end":{"line":27,"column":10}},"12":{"start":{"line":30,"column":8},"end":{"line":35,"column":9}},"13":{"start":{"line":31,"column":12},"end":{"line":34,"column":15}},"14":{"start":{"line":38,"column":34},"end":{"line":47,"column":11}},"15":{"start":{"line":38,"column":67},"end":{"line":47,"column":9}},"16":{"start":{"line":42,"column":65},"end":{"line":46,"column":13}},"17":{"start":{"line":49,"column":8},"end":{"line":53,"column":11}},"18":{"start":{"line":56,"column":8},"end":{"line":56,"column":78}},"19":{"start":{"line":57,"column":8},"end":{"line":60,"column":11}},"20":{"start":{"line":65,"column":0},"end":{"line":76,"column":2}},"21":{"start":{"line":66,"column":4},"end":{"line":75,"column":5}},"22":{"start":{"line":67,"column":29},"end":{"line":69,"column":39}},"23":{"start":{"line":71,"column":8},"end":{"line":71,"column":96}},"24":{"start":{"line":73,"column":8},"end":{"line":73,"column":77}},"25":{"start":{"line":74,"column":8},"end":{"line":74,"column":98}},"26":{"start":{"line":79,"column":0},"end":{"line":90,"column":2}},"27":{"start":{"line":80,"column":4},"end":{"line":89,"column":5}},"28":{"start":{"line":81,"column":29},"end":{"line":83,"column":73}},"29":{"start":{"line":85,"column":8},"end":{"line":85,"column":96}},"30":{"start":{"line":87,"column":8},"end":{"line":87,"column":77}},"31":{"start":{"line":88,"column":8},"end":{"line":88,"column":98}},"32":{"start":{"line":93,"column":0},"end":{"line":113,"column":2}},"33":{"start":{"line":94,"column":4},"end":{"line":112,"column":5}},"34":{"start":{"line":95,"column":28},"end":{"line":97,"column":39}},"35":{"start":{"line":99,"column":8},"end":{"line":101,"column":9}},"36":{"start":{"line":100,"column":12},"end":{"line":100,"column":92}},"37":{"start":{"line":104,"column":8},"end":{"line":106,"column":9}},"38":{"start":{"line":105,"column":12},"end":{"line":105,"column":85}},"39":{"start":{"line":108,"column":8},"end":{"line":108,"column":67}},"40":{"start":{"line":110,"column":8},"end":{"line":110,"column":77}},"41":{"start":{"line":111,"column":8},"end":{"line":111,"column":98}},"42":{"start":{"line":116,"column":0},"end":{"line":287,"column":2}},"43":{"start":{"line":117,"column":4},"end":{"line":286,"column":5}},"44":{"start":{"line":118,"column":8},"end":{"line":118,"column":37}},"45":{"start":{"line":119,"column":89},"end":{"line":119,"column":97}},"46":{"start":{"line":121,"column":8},"end":{"line":123,"column":9}},"47":{"start":{"line":122,"column":12},"end":{"line":122,"column":141}},"48":{"start":{"line":126,"column":31},"end":{"line":126,"column":78}},"49":{"start":{"line":127,"column":8},"end":{"line":129,"column":9}},"50":{"start":{"line":128,"column":12},"end":{"line":128,"column":96}},"51":{"start":{"line":132,"column":36},"end":{"line":137,"column":10}},"52":{"start":{"line":139,"column":8},"end":{"line":141,"column":9}},"53":{"start":{"line":140,"column":12},"end":{"line":140,"column":103}},"54":{"start":{"line":144,"column":33},"end":{"line":144,"column":35}},"55":{"start":{"line":145,"column":46},"end":{"line":145,"column":48}},"56":{"start":{"line":146,"column":8},"end":{"line":181,"column":9}},"57":{"start":{"line":147,"column":12},"end":{"line":180,"column":13}},"58":{"start":{"line":148,"column":16},"end":{"line":150,"column":17}},"59":{"start":{"line":149,"column":20},"end":{"line":149,"column":152}},"60":{"start":{"line":152,"column":37},"end":{"line":152,"column":77}},"61":{"start":{"line":155,"column":16},"end":{"line":157,"column":17}},"62":{"start":{"line":156,"column":20},"end":{"line":156,"column":125}},"63":{"start":{"line":160,"column":16},"end":{"line":162,"column":17}},"64":{"start":{"line":161,"column":20},"end":{"line":161,"column":150}},"65":{"start":{"line":165,"column":16},"end":{"line":170,"column":17}},"66":{"start":{"line":166,"column":20},"end":{"line":169,"column":23}},"67":{"start":{"line":172,"column":16},"end":{"line":175,"column":19}},"68":{"start":{"line":176,"column":16},"end":{"line":179,"column":19}},"69":{"start":{"line":185,"column":39},"end":{"line":185,"column":97}},"70":{"start":{"line":187,"column":32},"end":{"line":195,"column":9}},"71":{"start":{"line":197,"column":28},"end":{"line":197,"column":69}},"72":{"start":{"line":200,"column":8},"end":{"line":216,"column":9}},"73":{"start":{"line":202,"column":25},"end":{"line":202,"column":58}},"74":{"start":{"line":203,"column":12},"end":{"line":212,"column":13}},"75":{"start":{"line":205,"column":16},"end":{"line":205,"column":76}},"76":{"start":{"line":206,"column":16},"end":{"line":206,"column":34}},"77":{"start":{"line":207,"column":16},"end":{"line":207,"column":118}},"78":{"start":{"line":208,"column":19},"end":{"line":212,"column":13}},"79":{"start":{"line":209,"column":16},"end":{"line":209,"column":109}},"80":{"start":{"line":211,"column":16},"end":{"line":211,"column":93}},"81":{"start":{"line":214,"column":12},"end":{"line":214,"column":96}},"82":{"start":{"line":220,"column":8},"end":{"line":264,"column":9}},"83":{"start":{"line":222,"column":12},"end":{"line":263,"column":13}},"84":{"start":{"line":224,"column":31},"end":{"line":224,"column":65}},"85":{"start":{"line":225,"column":36},"end":{"line":225,"column":84}},"86":{"start":{"line":225,"column":56},"end":{"line":225,"column":67}},"87":{"start":{"line":231,"column":16},"end":{"line":258,"column":17}},"88":{"start":{"line":232,"column":46},"end":{"line":234,"column":33}},"89":{"start":{"line":233,"column":35},"end":{"line":233,"column":83}},"90":{"start":{"line":236,"column":36},"end":{"line":236,"column":86}},"91":{"start":{"line":237,"column":36},"end":{"line":250,"column":21}},"92":{"start":{"line":252,"column":20},"end":{"line":256,"column":23}},"93":{"start":{"line":257,"column":20},"end":{"line":257,"column":92}},"94":{"start":{"line":260,"column":16},"end":{"line":260,"column":97}},"95":{"start":{"line":267,"column":8},"end":{"line":270,"column":11}},"96":{"start":{"line":273,"column":8},"end":{"line":273,"column":62}},"97":{"start":{"line":275,"column":8},"end":{"line":277,"column":9}},"98":{"start":{"line":276,"column":12},"end":{"line":276,"column":82}},"99":{"start":{"line":279,"column":8},"end":{"line":281,"column":9}},"100":{"start":{"line":280,"column":12},"end":{"line":280,"column":82}},"101":{"start":{"line":283,"column":8},"end":{"line":283,"column":20}},"102":{"start":{"line":290,"column":0},"end":{"line":322,"column":2}},"103":{"start":{"line":291,"column":4},"end":{"line":321,"column":5}},"104":{"start":{"line":292,"column":26},"end":{"line":292,"column":67}},"105":{"start":{"line":294,"column":8},"end":{"line":296,"column":9}},"106":{"start":{"line":295,"column":12},"end":{"line":295,"column":92}},"107":{"start":{"line":299,"column":8},"end":{"line":301,"column":9}},"108":{"start":{"line":300,"column":12},"end":{"line":300,"column":85}},"109":{"start":{"line":304,"column":31},"end":{"line":304,"column":33}},"110":{"start":{"line":305,"column":8},"end":{"line":305,"column":63}},"111":{"start":{"line":305,"column":27},"end":{"line":305,"column":63}},"112":{"start":{"line":306,"column":8},"end":{"line":306,"column":75}},"113":{"start":{"line":306,"column":31},"end":{"line":306,"column":75}},"114":{"start":{"line":308,"column":8},"end":{"line":310,"column":9}},"115":{"start":{"line":309,"column":12},"end":{"line":309,"column":112}},"116":{"start":{"line":312,"column":8},"end":{"line":315,"column":11}},"117":{"start":{"line":317,"column":8},"end":{"line":317,"column":67}},"118":{"start":{"line":319,"column":8},"end":{"line":319,"column":77}},"119":{"start":{"line":320,"column":8},"end":{"line":320,"column":71}},"120":{"start":{"line":325,"column":0},"end":{"line":367,"column":2}},"121":{"start":{"line":326,"column":4},"end":{"line":366,"column":5}},"122":{"start":{"line":327,"column":28},"end":{"line":327,"column":69}},"123":{"start":{"line":329,"column":8},"end":{"line":331,"column":9}},"124":{"start":{"line":330,"column":12},"end":{"line":330,"column":92}},"125":{"start":{"line":334,"column":23},"end":{"line":334,"column":39}},"126":{"start":{"line":335,"column":8},"end":{"line":337,"column":9}},"127":{"start":{"line":336,"column":12},"end":{"line":336,"column":85}},"128":{"start":{"line":340,"column":8},"end":{"line":357,"column":9}},"129":{"start":{"line":341,"column":25},"end":{"line":341,"column":52}},"130":{"start":{"line":342,"column":12},"end":{"line":353,"column":13}},"131":{"start":{"line":343,"column":38},"end":{"line":343,"column":65}},"132":{"start":{"line":344,"column":34},"end":{"line":344,"column":65}},"133":{"start":{"line":345,"column":16},"end":{"line":345,"column":51}},"134":{"start":{"line":346,"column":16},"end":{"line":346,"column":34}},"135":{"start":{"line":347,"column":16},"end":{"line":347,"column":155}},"136":{"start":{"line":348,"column":19},"end":{"line":353,"column":13}},"137":{"start":{"line":349,"column":16},"end":{"line":349,"column":106}},"138":{"start":{"line":352,"column":16},"end":{"line":352,"column":115}},"139":{"start":{"line":355,"column":12},"end":{"line":355,"column":120}},"140":{"start":{"line":360,"column":8},"end":{"line":360,"column":59}},"141":{"start":{"line":362,"column":8},"end":{"line":362,"column":93}},"142":{"start":{"line":364,"column":8},"end":{"line":364,"column":77}},"143":{"start":{"line":365,"column":8},"end":{"line":365,"column":98}},"144":{"start":{"line":370,"column":0},"end":{"line":397,"column":2}},"145":{"start":{"line":371,"column":4},"end":{"line":396,"column":5}},"146":{"start":{"line":372,"column":41},"end":{"line":372,"column":51}},"147":{"start":{"line":375,"column":30},"end":{"line":375,"column":75}},"148":{"start":{"line":376,"column":8},"end":{"line":378,"column":9}},"149":{"start":{"line":377,"column":12},"end":{"line":377,"column":96}},"150":{"start":{"line":381,"column":28},"end":{"line":382,"column":36}},"151":{"start":{"line":385,"column":32},"end":{"line":385,"column":86}},"152":{"start":{"line":385,"column":56},"end":{"line":385,"column":69}},"153":{"start":{"line":387,"column":8},"end":{"line":392,"column":11}},"154":{"start":{"line":394,"column":8},"end":{"line":394,"column":63}},"155":{"start":{"line":395,"column":8},"end":{"line":395,"column":98}},"156":{"start":{"line":399,"column":0},"end":{"line":429,"column":2}},"157":{"start":{"line":400,"column":4},"end":{"line":428,"column":5}},"158":{"start":{"line":401,"column":26},"end":{"line":401,"column":67}},"159":{"start":{"line":403,"column":8},"end":{"line":405,"column":9}},"160":{"start":{"line":404,"column":12},"end":{"line":404,"column":92}},"161":{"start":{"line":407,"column":8},"end":{"line":409,"column":9}},"162":{"start":{"line":408,"column":12},"end":{"line":408,"column":85}},"163":{"start":{"line":411,"column":8},"end":{"line":413,"column":9}},"164":{"start":{"line":412,"column":12},"end":{"line":412,"column":108}},"165":{"start":{"line":416,"column":8},"end":{"line":416,"column":41}},"166":{"start":{"line":417,"column":8},"end":{"line":417,"column":63}},"167":{"start":{"line":418,"column":8},"end":{"line":418,"column":33}},"168":{"start":{"line":420,"column":8},"end":{"line":424,"column":11}},"169":{"start":{"line":426,"column":8},"end":{"line":426,"column":64}},"170":{"start":{"line":427,"column":8},"end":{"line":427,"column":98}},"171":{"start":{"line":431,"column":0},"end":{"line":471,"column":2}},"172":{"start":{"line":432,"column":4},"end":{"line":470,"column":5}},"173":{"start":{"line":433,"column":85},"end":{"line":433,"column":93}},"174":{"start":{"line":435,"column":8},"end":{"line":440,"column":9}},"175":{"start":{"line":436,"column":12},"end":{"line":439,"column":15}},"176":{"start":{"line":443,"column":8},"end":{"line":449,"column":9}},"177":{"start":{"line":445,"column":12},"end":{"line":448,"column":15}},"178":{"start":{"line":451,"column":31},"end":{"line":458,"column":10}},"179":{"start":{"line":460,"column":8},"end":{"line":463,"column":11}},"180":{"start":{"line":465,"column":8},"end":{"line":465,"column":64}},"181":{"start":{"line":466,"column":8},"end":{"line":469,"column":11}},"182":{"start":{"line":476,"column":0},"end":{"line":528,"column":2}},"183":{"start":{"line":477,"column":30},"end":{"line":477,"column":40}},"184":{"start":{"line":478,"column":35},"end":{"line":478,"column":43}},"185":{"start":{"line":481,"column":4},"end":{"line":483,"column":5}},"186":{"start":{"line":482,"column":8},"end":{"line":482,"column":80}},"187":{"start":{"line":486,"column":24},"end":{"line":486,"column":65}},"188":{"start":{"line":488,"column":4},"end":{"line":490,"column":5}},"189":{"start":{"line":489,"column":8},"end":{"line":489,"column":97}},"190":{"start":{"line":493,"column":4},"end":{"line":495,"column":5}},"191":{"start":{"line":494,"column":8},"end":{"line":494,"column":89}},"192":{"start":{"line":498,"column":31},"end":{"line":498,"column":33}},"193":{"start":{"line":499,"column":4},"end":{"line":518,"column":5}},"194":{"start":{"line":500,"column":8},"end":{"line":502,"column":9}},"195":{"start":{"line":501,"column":12},"end":{"line":501,"column":125}},"196":{"start":{"line":504,"column":29},"end":{"line":504,"column":69}},"197":{"start":{"line":506,"column":8},"end":{"line":508,"column":9}},"198":{"start":{"line":507,"column":12},"end":{"line":507,"column":98}},"199":{"start":{"line":510,"column":8},"end":{"line":512,"column":9}},"200":{"start":{"line":511,"column":12},"end":{"line":511,"column":181}},"201":{"start":{"line":514,"column":8},"end":{"line":517,"column":11}},"202":{"start":{"line":521,"column":4},"end":{"line":521,"column":56}},"203":{"start":{"line":522,"column":4},"end":{"line":522,"column":29}},"204":{"start":{"line":524,"column":4},"end":{"line":527,"column":7}},"205":{"start":{"line":533,"column":0},"end":{"line":585,"column":2}},"206":{"start":{"line":534,"column":30},"end":{"line":534,"column":40}},"207":{"start":{"line":535,"column":35},"end":{"line":535,"column":43}},"208":{"start":{"line":538,"column":4},"end":{"line":540,"column":5}},"209":{"start":{"line":539,"column":8},"end":{"line":539,"column":80}},"210":{"start":{"line":543,"column":24},"end":{"line":543,"column":65}},"211":{"start":{"line":545,"column":4},"end":{"line":547,"column":5}},"212":{"start":{"line":546,"column":8},"end":{"line":546,"column":97}},"213":{"start":{"line":550,"column":4},"end":{"line":552,"column":5}},"214":{"start":{"line":551,"column":8},"end":{"line":551,"column":89}},"215":{"start":{"line":555,"column":31},"end":{"line":555,"column":33}},"216":{"start":{"line":556,"column":4},"end":{"line":575,"column":5}},"217":{"start":{"line":557,"column":8},"end":{"line":559,"column":9}},"218":{"start":{"line":558,"column":12},"end":{"line":558,"column":125}},"219":{"start":{"line":561,"column":29},"end":{"line":561,"column":69}},"220":{"start":{"line":563,"column":8},"end":{"line":565,"column":9}},"221":{"start":{"line":564,"column":12},"end":{"line":564,"column":98}},"222":{"start":{"line":567,"column":8},"end":{"line":569,"column":9}},"223":{"start":{"line":568,"column":12},"end":{"line":568,"column":181}},"224":{"start":{"line":571,"column":8},"end":{"line":574,"column":11}},"225":{"start":{"line":578,"column":4},"end":{"line":578,"column":56}},"226":{"start":{"line":579,"column":4},"end":{"line":579,"column":29}},"227":{"start":{"line":581,"column":4},"end":{"line":584,"column":7}},"228":{"start":{"line":590,"column":0},"end":{"line":618,"column":2}},"229":{"start":{"line":592,"column":69},"end":{"line":592,"column":79}},"230":{"start":{"line":595,"column":24},"end":{"line":595,"column":65}},"231":{"start":{"line":597,"column":4},"end":{"line":601,"column":5}},"232":{"start":{"line":598,"column":8},"end":{"line":600,"column":10}},"233":{"start":{"line":606,"column":31},"end":{"line":610,"column":5}},"234":{"start":{"line":612,"column":4},"end":{"line":615,"column":5}},"235":{"start":{"line":614,"column":8},"end":{"line":614,"column":93}},"236":{"start":{"line":617,"column":4},"end":{"line":617,"column":70}}},"fnMap":{"0":{"name":"(anonymous_0)","decl":{"start":{"line":8,"column":39},"end":{"line":8,"column":40}},"loc":{"start":{"line":8,"column":65},"end":{"line":62,"column":1}},"line":8},"1":{"name":"(anonymous_1)","decl":{"start":{"line":38,"column":51},"end":{"line":38,"column":52}},"loc":{"start":{"line":38,"column":67},"end":{"line":47,"column":9}},"line":38},"2":{"name":"(anonymous_2)","decl":{"start":{"line":42,"column":58},"end":{"line":42,"column":59}},"loc":{"start":{"line":42,"column":65},"end":{"line":46,"column":13}},"line":42},"3":{"name":"(anonymous_3)","decl":{"start":{"line":65,"column":26},"end":{"line":65,"column":27}},"loc":{"start":{"line":65,"column":46},"end":{"line":76,"column":1}},"line":65},"4":{"name":"(anonymous_4)","decl":{"start":{"line":79,"column":28},"end":{"line":79,"column":29}},"loc":{"start":{"line":79,"column":48},"end":{"line":90,"column":1}},"line":79},"5":{"name":"(anonymous_5)","decl":{"start":{"line":93,"column":25},"end":{"line":93,"column":26}},"loc":{"start":{"line":93,"column":45},"end":{"line":113,"column":1}},"line":93},"6":{"name":"(anonymous_6)","decl":{"start":{"line":116,"column":28},"end":{"line":116,"column":29}},"loc":{"start":{"line":116,"column":54},"end":{"line":287,"column":1}},"line":116},"7":{"name":"(anonymous_7)","decl":{"start":{"line":225,"column":47},"end":{"line":225,"column":48}},"loc":{"start":{"line":225,"column":56},"end":{"line":225,"column":67}},"line":225},"8":{"name":"(anonymous_8)","decl":{"start":{"line":233,"column":29},"end":{"line":233,"column":30}},"loc":{"start":{"line":233,"column":35},"end":{"line":233,"column":83}},"line":233},"9":{"name":"(anonymous_9)","decl":{"start":{"line":290,"column":28},"end":{"line":290,"column":29}},"loc":{"start":{"line":290,"column":48},"end":{"line":322,"column":1}},"line":290},"10":{"name":"(anonymous_10)","decl":{"start":{"line":325,"column":28},"end":{"line":325,"column":29}},"loc":{"start":{"line":325,"column":48},"end":{"line":367,"column":1}},"line":325},"11":{"name":"(anonymous_11)","decl":{"start":{"line":370,"column":25},"end":{"line":370,"column":26}},"loc":{"start":{"line":370,"column":45},"end":{"line":397,"column":1}},"line":370},"12":{"name":"(anonymous_12)","decl":{"start":{"line":385,"column":48},"end":{"line":385,"column":49}},"loc":{"start":{"line":385,"column":56},"end":{"line":385,"column":69}},"line":385},"13":{"name":"(anonymous_13)","decl":{"start":{"line":399,"column":28},"end":{"line":399,"column":29}},"loc":{"start":{"line":399,"column":48},"end":{"line":429,"column":1}},"line":399},"14":{"name":"(anonymous_14)","decl":{"start":{"line":431,"column":31},"end":{"line":431,"column":32}},"loc":{"start":{"line":431,"column":51},"end":{"line":471,"column":1}},"line":431},"15":{"name":"(anonymous_15)","decl":{"start":{"line":476,"column":35},"end":{"line":476,"column":36}},"loc":{"start":{"line":476,"column":61},"end":{"line":528,"column":1}},"line":476},"16":{"name":"(anonymous_16)","decl":{"start":{"line":533,"column":35},"end":{"line":533,"column":36}},"loc":{"start":{"line":533,"column":61},"end":{"line":585,"column":1}},"line":533},"17":{"name":"(anonymous_17)","decl":{"start":{"line":590,"column":41},"end":{"line":590,"column":42}},"loc":{"start":{"line":590,"column":67},"end":{"line":618,"column":1}},"line":590}},"branchMap":{"0":{"loc":{"start":{"line":12,"column":8},"end":{"line":17,"column":9}},"type":"if","locations":[{"start":{"line":12,"column":8},"end":{"line":17,"column":9}},{"start":{},"end":{}}],"line":12},"1":{"loc":{"start":{"line":30,"column":8},"end":{"line":35,"column":9}},"type":"if","locations":[{"start":{"line":30,"column":8},"end":{"line":35,"column":9}},{"start":{},"end":{}}],"line":30},"2":{"loc":{"start":{"line":30,"column":12},"end":{"line":30,"column":54}},"type":"binary-expr","locations":[{"start":{"line":30,"column":12},"end":{"line":30,"column":25}},{"start":{"line":30,"column":29},"end":{"line":30,"column":54}}],"line":30},"3":{"loc":{"start":{"line":43,"column":22},"end":{"line":43,"column":65}},"type":"binary-expr","locations":[{"start":{"line":43,"column":22},"end":{"line":43,"column":40}},{"start":{"line":43,"column":44},"end":{"line":43,"column":65}}],"line":43},"4":{"loc":{"start":{"line":74,"column":54},"end":{"line":74,"column":94}},"type":"binary-expr","locations":[{"start":{"line":74,"column":54},"end":{"line":74,"column":67}},{"start":{"line":74,"column":71},"end":{"line":74,"column":94}}],"line":74},"5":{"loc":{"start":{"line":88,"column":54},"end":{"line":88,"column":94}},"type":"binary-expr","locations":[{"start":{"line":88,"column":54},"end":{"line":88,"column":67}},{"start":{"line":88,"column":71},"end":{"line":88,"column":94}}],"line":88},"6":{"loc":{"start":{"line":99,"column":8},"end":{"line":101,"column":9}},"type":"if","locations":[{"start":{"line":99,"column":8},"end":{"line":101,"column":9}},{"start":{},"end":{}}],"line":99},"7":{"loc":{"start":{"line":104,"column":8},"end":{"line":106,"column":9}},"type":"if","locations":[{"start":{"line":104,"column":8},"end":{"line":106,"column":9}},{"start":{},"end":{}}],"line":104},"8":{"loc":{"start":{"line":104,"column":12},"end":{"line":104,"column":96}},"type":"binary-expr","locations":[{"start":{"line":104,"column":12},"end":{"line":104,"column":67}},{"start":{"line":104,"column":71},"end":{"line":104,"column":96}}],"line":104},"9":{"loc":{"start":{"line":111,"column":54},"end":{"line":111,"column":94}},"type":"binary-expr","locations":[{"start":{"line":111,"column":54},"end":{"line":111,"column":67}},{"start":{"line":111,"column":71},"end":{"line":111,"column":94}}],"line":111},"10":{"loc":{"start":{"line":121,"column":8},"end":{"line":123,"column":9}},"type":"if","locations":[{"start":{"line":121,"column":8},"end":{"line":123,"column":9}},{"start":{},"end":{}}],"line":121},"11":{"loc":{"start":{"line":121,"column":12},"end":{"line":121,"column":51}},"type":"binary-expr","locations":[{"start":{"line":121,"column":12},"end":{"line":121,"column":29}},{"start":{"line":121,"column":33},"end":{"line":121,"column":38}},{"start":{"line":121,"column":42},"end":{"line":121,"column":51}}],"line":121},"12":{"loc":{"start":{"line":127,"column":8},"end":{"line":129,"column":9}},"type":"if","locations":[{"start":{"line":127,"column":8},"end":{"line":129,"column":9}},{"start":{},"end":{}}],"line":127},"13":{"loc":{"start":{"line":139,"column":8},"end":{"line":141,"column":9}},"type":"if","locations":[{"start":{"line":139,"column":8},"end":{"line":141,"column":9}},{"start":{},"end":{}}],"line":139},"14":{"loc":{"start":{"line":146,"column":8},"end":{"line":181,"column":9}},"type":"if","locations":[{"start":{"line":146,"column":8},"end":{"line":181,"column":9}},{"start":{},"end":{}}],"line":146},"15":{"loc":{"start":{"line":146,"column":12},"end":{"line":146,"column":100}},"type":"binary-expr","locations":[{"start":{"line":146,"column":12},"end":{"line":146,"column":30}},{"start":{"line":146,"column":34},"end":{"line":146,"column":67}},{"start":{"line":146,"column":71},"end":{"line":146,"column":100}}],"line":146},"16":{"loc":{"start":{"line":148,"column":16},"end":{"line":150,"column":17}},"type":"if","locations":[{"start":{"line":148,"column":16},"end":{"line":150,"column":17}},{"start":{},"end":{}}],"line":148},"17":{"loc":{"start":{"line":148,"column":20},"end":{"line":148,"column":62}},"type":"binary-expr","locations":[{"start":{"line":148,"column":20},"end":{"line":148,"column":35}},{"start":{"line":148,"column":39},"end":{"line":148,"column":62}}],"line":148},"18":{"loc":{"start":{"line":155,"column":16},"end":{"line":157,"column":17}},"type":"if","locations":[{"start":{"line":155,"column":16},"end":{"line":157,"column":17}},{"start":{},"end":{}}],"line":155},"19":{"loc":{"start":{"line":160,"column":16},"end":{"line":162,"column":17}},"type":"if","locations":[{"start":{"line":160,"column":16},"end":{"line":162,"column":17}},{"start":{},"end":{}}],"line":160},"20":{"loc":{"start":{"line":165,"column":16},"end":{"line":170,"column":17}},"type":"if","locations":[{"start":{"line":165,"column":16},"end":{"line":170,"column":17}},{"start":{},"end":{}}],"line":165},"21":{"loc":{"start":{"line":185,"column":39},"end":{"line":185,"column":97}},"type":"cond-expr","locations":[{"start":{"line":185,"column":71},"end":{"line":185,"column":80}},{"start":{"line":185,"column":83},"end":{"line":185,"column":97}}],"line":185},"22":{"loc":{"start":{"line":203,"column":12},"end":{"line":212,"column":13}},"type":"if","locations":[{"start":{"line":203,"column":12},"end":{"line":212,"column":13}},{"start":{"line":208,"column":19},"end":{"line":212,"column":13}}],"line":203},"23":{"loc":{"start":{"line":203,"column":16},"end":{"line":203,"column":39}},"type":"binary-expr","locations":[{"start":{"line":203,"column":16},"end":{"line":203,"column":20}},{"start":{"line":203,"column":24},"end":{"line":203,"column":39}}],"line":203},"24":{"loc":{"start":{"line":205,"column":42},"end":{"line":205,"column":69}},"type":"binary-expr","locations":[{"start":{"line":205,"column":42},"end":{"line":205,"column":64}},{"start":{"line":205,"column":68},"end":{"line":205,"column":69}}],"line":205},"25":{"loc":{"start":{"line":208,"column":19},"end":{"line":212,"column":13}},"type":"if","locations":[{"start":{"line":208,"column":19},"end":{"line":212,"column":13}},{"start":{"line":210,"column":19},"end":{"line":212,"column":13}}],"line":208},"26":{"loc":{"start":{"line":220,"column":8},"end":{"line":264,"column":9}},"type":"if","locations":[{"start":{"line":220,"column":8},"end":{"line":264,"column":9}},{"start":{},"end":{}}],"line":220},"27":{"loc":{"start":{"line":231,"column":16},"end":{"line":258,"column":17}},"type":"if","locations":[{"start":{"line":231,"column":16},"end":{"line":258,"column":17}},{"start":{},"end":{}}],"line":231},"28":{"loc":{"start":{"line":275,"column":8},"end":{"line":277,"column":9}},"type":"if","locations":[{"start":{"line":275,"column":8},"end":{"line":277,"column":9}},{"start":{},"end":{}}],"line":275},"29":{"loc":{"start":{"line":279,"column":8},"end":{"line":281,"column":9}},"type":"if","locations":[{"start":{"line":279,"column":8},"end":{"line":281,"column":9}},{"start":{},"end":{}}],"line":279},"30":{"loc":{"start":{"line":279,"column":12},"end":{"line":279,"column":103}},"type":"binary-expr","locations":[{"start":{"line":279,"column":12},"end":{"line":279,"column":25}},{"start":{"line":279,"column":29},"end":{"line":279,"column":103}}],"line":279},"31":{"loc":{"start":{"line":294,"column":8},"end":{"line":296,"column":9}},"type":"if","locations":[{"start":{"line":294,"column":8},"end":{"line":296,"column":9}},{"start":{},"end":{}}],"line":294},"32":{"loc":{"start":{"line":299,"column":8},"end":{"line":301,"column":9}},"type":"if","locations":[{"start":{"line":299,"column":8},"end":{"line":301,"column":9}},{"start":{},"end":{}}],"line":299},"33":{"loc":{"start":{"line":299,"column":12},"end":{"line":299,"column":96}},"type":"binary-expr","locations":[{"start":{"line":299,"column":12},"end":{"line":299,"column":67}},{"start":{"line":299,"column":71},"end":{"line":299,"column":96}}],"line":299},"34":{"loc":{"start":{"line":305,"column":8},"end":{"line":305,"column":63}},"type":"if","locations":[{"start":{"line":305,"column":8},"end":{"line":305,"column":63}},{"start":{},"end":{}}],"line":305},"35":{"loc":{"start":{"line":306,"column":8},"end":{"line":306,"column":75}},"type":"if","locations":[{"start":{"line":306,"column":8},"end":{"line":306,"column":75}},{"start":{},"end":{}}],"line":306},"36":{"loc":{"start":{"line":308,"column":8},"end":{"line":310,"column":9}},"type":"if","locations":[{"start":{"line":308,"column":8},"end":{"line":310,"column":9}},{"start":{},"end":{}}],"line":308},"37":{"loc":{"start":{"line":329,"column":8},"end":{"line":331,"column":9}},"type":"if","locations":[{"start":{"line":329,"column":8},"end":{"line":331,"column":9}},{"start":{},"end":{}}],"line":329},"38":{"loc":{"start":{"line":335,"column":8},"end":{"line":337,"column":9}},"type":"if","locations":[{"start":{"line":335,"column":8},"end":{"line":337,"column":9}},{"start":{},"end":{}}],"line":335},"39":{"loc":{"start":{"line":335,"column":12},"end":{"line":335,"column":86}},"type":"binary-expr","locations":[{"start":{"line":335,"column":12},"end":{"line":335,"column":57}},{"start":{"line":335,"column":61},"end":{"line":335,"column":86}}],"line":335},"40":{"loc":{"start":{"line":342,"column":12},"end":{"line":353,"column":13}},"type":"if","locations":[{"start":{"line":342,"column":12},"end":{"line":353,"column":13}},{"start":{"line":348,"column":19},"end":{"line":353,"column":13}}],"line":342},"41":{"loc":{"start":{"line":342,"column":16},"end":{"line":342,"column":39}},"type":"binary-expr","locations":[{"start":{"line":342,"column":16},"end":{"line":342,"column":20}},{"start":{"line":342,"column":24},"end":{"line":342,"column":39}}],"line":342},"42":{"loc":{"start":{"line":343,"column":38},"end":{"line":343,"column":65}},"type":"binary-expr","locations":[{"start":{"line":343,"column":38},"end":{"line":343,"column":60}},{"start":{"line":343,"column":64},"end":{"line":343,"column":65}}],"line":343},"43":{"loc":{"start":{"line":348,"column":19},"end":{"line":353,"column":13}},"type":"if","locations":[{"start":{"line":348,"column":19},"end":{"line":353,"column":13}},{"start":{"line":350,"column":19},"end":{"line":353,"column":13}}],"line":348},"44":{"loc":{"start":{"line":365,"column":54},"end":{"line":365,"column":94}},"type":"binary-expr","locations":[{"start":{"line":365,"column":54},"end":{"line":365,"column":67}},{"start":{"line":365,"column":71},"end":{"line":365,"column":94}}],"line":365},"45":{"loc":{"start":{"line":376,"column":8},"end":{"line":378,"column":9}},"type":"if","locations":[{"start":{"line":376,"column":8},"end":{"line":378,"column":9}},{"start":{},"end":{}}],"line":376},"46":{"loc":{"start":{"line":395,"column":54},"end":{"line":395,"column":94}},"type":"binary-expr","locations":[{"start":{"line":395,"column":54},"end":{"line":395,"column":67}},{"start":{"line":395,"column":71},"end":{"line":395,"column":94}}],"line":395},"47":{"loc":{"start":{"line":403,"column":8},"end":{"line":405,"column":9}},"type":"if","locations":[{"start":{"line":403,"column":8},"end":{"line":405,"column":9}},{"start":{},"end":{}}],"line":403},"48":{"loc":{"start":{"line":407,"column":8},"end":{"line":409,"column":9}},"type":"if","locations":[{"start":{"line":407,"column":8},"end":{"line":409,"column":9}},{"start":{},"end":{}}],"line":407},"49":{"loc":{"start":{"line":407,"column":12},"end":{"line":407,"column":96}},"type":"binary-expr","locations":[{"start":{"line":407,"column":12},"end":{"line":407,"column":67}},{"start":{"line":407,"column":71},"end":{"line":407,"column":96}}],"line":407},"50":{"loc":{"start":{"line":411,"column":8},"end":{"line":413,"column":9}},"type":"if","locations":[{"start":{"line":411,"column":8},"end":{"line":413,"column":9}},{"start":{},"end":{}}],"line":411},"51":{"loc":{"start":{"line":427,"column":54},"end":{"line":427,"column":94}},"type":"binary-expr","locations":[{"start":{"line":427,"column":54},"end":{"line":427,"column":67}},{"start":{"line":427,"column":71},"end":{"line":427,"column":94}}],"line":427},"52":{"loc":{"start":{"line":435,"column":8},"end":{"line":440,"column":9}},"type":"if","locations":[{"start":{"line":435,"column":8},"end":{"line":440,"column":9}},{"start":{},"end":{}}],"line":435},"53":{"loc":{"start":{"line":435,"column":12},"end":{"line":435,"column":92}},"type":"binary-expr","locations":[{"start":{"line":435,"column":12},"end":{"line":435,"column":17}},{"start":{"line":435,"column":21},"end":{"line":435,"column":29}},{"start":{"line":435,"column":33},"end":{"line":435,"column":49}},{"start":{"line":435,"column":53},"end":{"line":435,"column":62}},{"start":{"line":435,"column":66},"end":{"line":435,"column":76}},{"start":{"line":435,"column":80},"end":{"line":435,"column":92}}],"line":435},"54":{"loc":{"start":{"line":443,"column":8},"end":{"line":449,"column":9}},"type":"if","locations":[{"start":{"line":443,"column":8},"end":{"line":449,"column":9}},{"start":{},"end":{}}],"line":443},"55":{"loc":{"start":{"line":443,"column":12},"end":{"line":444,"column":84}},"type":"binary-expr","locations":[{"start":{"line":443,"column":12},"end":{"line":443,"column":39}},{"start":{"line":443,"column":43},"end":{"line":443,"column":67}},{"start":{"line":444,"column":12},"end":{"line":444,"column":46}},{"start":{"line":444,"column":50},"end":{"line":444,"column":84}}],"line":443},"56":{"loc":{"start":{"line":468,"column":19},"end":{"line":468,"column":59}},"type":"binary-expr","locations":[{"start":{"line":468,"column":19},"end":{"line":468,"column":32}},{"start":{"line":468,"column":36},"end":{"line":468,"column":59}}],"line":468},"57":{"loc":{"start":{"line":481,"column":4},"end":{"line":483,"column":5}},"type":"if","locations":[{"start":{"line":481,"column":4},"end":{"line":483,"column":5}},{"start":{},"end":{}}],"line":481},"58":{"loc":{"start":{"line":481,"column":8},"end":{"line":481,"column":65}},"type":"binary-expr","locations":[{"start":{"line":481,"column":8},"end":{"line":481,"column":27}},{"start":{"line":481,"column":31},"end":{"line":481,"column":65}}],"line":481},"59":{"loc":{"start":{"line":488,"column":4},"end":{"line":490,"column":5}},"type":"if","locations":[{"start":{"line":488,"column":4},"end":{"line":490,"column":5}},{"start":{},"end":{}}],"line":488},"60":{"loc":{"start":{"line":493,"column":4},"end":{"line":495,"column":5}},"type":"if","locations":[{"start":{"line":493,"column":4},"end":{"line":495,"column":5}},{"start":{},"end":{}}],"line":493},"61":{"loc":{"start":{"line":500,"column":8},"end":{"line":502,"column":9}},"type":"if","locations":[{"start":{"line":500,"column":8},"end":{"line":502,"column":9}},{"start":{},"end":{}}],"line":500},"62":{"loc":{"start":{"line":500,"column":12},"end":{"line":500,"column":54}},"type":"binary-expr","locations":[{"start":{"line":500,"column":12},"end":{"line":500,"column":27}},{"start":{"line":500,"column":31},"end":{"line":500,"column":54}}],"line":500},"63":{"loc":{"start":{"line":506,"column":8},"end":{"line":508,"column":9}},"type":"if","locations":[{"start":{"line":506,"column":8},"end":{"line":508,"column":9}},{"start":{},"end":{}}],"line":506},"64":{"loc":{"start":{"line":510,"column":8},"end":{"line":512,"column":9}},"type":"if","locations":[{"start":{"line":510,"colu
[...]
,"D:\\Downloads\\sprint2\\se-project-28_racha-mheedum\\backend\\models\\MenuItem.js": {"path":"D:\\Downloads\\sprint2\\se-project-28_racha-mheedum\\backend\\models\\MenuItem.js","statementMap":{"0":{"start":{"line":1,"column":17},"end":{"line":1,"column":36}},"1":{"start":{"line":3,"column":23},"end":{"line":33,"column":2}},"2":{"start":{"line":39,"column":17},"end":{"line":39,"column":59}},"3":{"start":{"line":41,"column":0},"end":{"line":41,"column":26}}},"fnMap":{},"branchMap":{},"s":{"0":4,"1":4,"2":4,"3":4},"f":{},"b":{},"_coverageSchema":"1a1c01bbd47fc00a2c39e90264f33305004495a9","hash":"4dfd12ef2e39f1868b71cad543698d1d1c5cbffa"}
,"D:\\Downloads\\sprint2\\se-project-28_racha-mheedum\\backend\\models\\Order.js": {"path":"D:\\Downloads\\sprint2\\se-project-28_racha-mheedum\\backend\\models\\Order.js","statementMap":{"0":{"start":{"line":1,"column":17},"end":{"line":1,"column":36}},"1":{"start":{"line":4,"column":24},"end":{"line":25,"column":18}},"2":{"start":{"line":28,"column":20},"end":{"line":67,"column":2}},"3":{"start":{"line":40,"column":34},"end":{"line":40,"column":48}},"4":{"start":{"line":69,"column":14},"end":{"line":69,"column":50}},"5":{"start":{"line":71,"column":0},"end":{"line":71,"column":23}}},"fnMap":{"0":{"name":"(anonymous_0)","decl":{"start":{"line":40,"column":25},"end":{"line":40,"column":26}},"loc":{"start":{"line":40,"column":34},"end":{"line":40,"column":48}},"line":40}},"branchMap":{},"s":{"0":3,"1":3,"2":3,"3":13,"4":3,"5":3},"f":{"0":13},"b":{},"_coverageSchema":"1a1c01bbd47fc00a2c39e90264f33305004495a9","hash":"f253b12ea9a613de92a11dfe3d2d600ace39905e"}
,"D:\\Downloads\\sprint2\\se-project-28_racha-mheedum\\backend\\models\\coworkingSpace.js": {"path":"D:\\Downloads\\sprint2\\se-project-28_racha-mheedum\\backend\\models\\coworkingSpace.js","statementMap":{"0":{"start":{"line":1,"column":17},"end":{"line":1,"column":36}},"1":{"start":{"line":3,"column":29},"end":{"line":28,"column":2}},"2":{"start":{"line":31,"column":0},"end":{"line":31,"column":56}},"3":{"start":{"line":33,"column":0},"end":{"line":33,"column":72}}},"fnMap":{},"branchMap":{},"s":{"0":2,"1":2,"2":2,"3":2},"f":{},"b":{},"_coverageSchema":"1a1c01bbd47fc00a2c39e90264f33305004495a9","hash":"ad11fb66ea83d583fee1009c29da97cc3c536ee7"}
,"D:\\Downloads\\sprint2\\se-project-28_racha-mheedum\\backend\\models\\equipment.js": {"path":"D:\\Downloads\\sprint2\\se-project-28_racha-mheedum\\backend\\models\\equipment.js","statementMap":{"0":{"start":{"line":1,"column":17},"end":{"line":1,"column":36}},"1":{"start":{"line":3,"column":24},"end":{"line":29,"column":2}},"2":{"start":{"line":31,"column":0},"end":{"line":31,"column":62}}},"fnMap":{},"branchMap":{},"s":{"0":2,"1":2,"2":2},"f":{},"b":{},"_coverageSchema":"1a1c01bbd47fc00a2c39e90264f33305004495a9","hash":"8add952472abb414a277819b864b767d87a31109"}
,"D:\\Downloads\\sprint2\\se-project-28_racha-mheedum\\backend\\models\\reservation.js": {"path":"D:\\Downloads\\sprint2\\se-project-28_racha-mheedum\\backend\\models\\reservation.js","statementMap":{"0":{"start":{"line":1,"column":17},"end":{"line":1,"column":36}},"1":{"start":{"line":3,"column":26},"end":{"line":39,"column":2}},"2":{"start":{"line":42,"column":0},"end":{"line":55,"column":3}},"3":{"start":{"line":43,"column":4},"end":{"line":53,"column":5}},"4":{"start":{"line":44,"column":35},"end":{"line":48,"column":10}},"5":{"start":{"line":50,"column":8},"end":{"line":52,"column":9}},"6":{"start":{"line":51,"column":12},"end":{"line":51,"column":80}},"7":{"start":{"line":54,"column":4},"end":{"line":54,"column":11}},"8":{"start":{"line":57,"column":0},"end":{"line":57,"column":66}}},"fnMap":{"0":{"name":"(anonymous_0)","decl":{"start":{"line":42,"column":30},"end":{"line":42,"column":31}},"loc":{"start":{"line":42,"column":51},"end":{"line":55,"column":1}},"line":42}},"branchMap":{"0":{"loc":{"start":{"line":43,"column":4},"end":{"line":53,"column":5}},"type":"if","locations":[{"start":{"line":43,"column":4},"end":{"line":53,"column":5}},{"start":{},"end":{}}],"line":43},"1":{"loc":{"start":{"line":43,"column":8},"end":{"line":43,"column":47}},"type":"binary-expr","locations":[{"start":{"line":43,"column":8},"end":{"line":43,"column":18}},{"start":{"line":43,"column":22},"end":{"line":43,"column":47}}],"line":43},"2":{"loc":{"start":{"line":50,"column":8},"end":{"line":52,"column":9}},"type":"if","locations":[{"start":{"line":50,"column":8},"end":{"line":52,"column":9}},{"start":{},"end":{}}],"line":50},"3":{"loc":{"start":{"line":50,"column":12},"end":{"line":50,"column":63}},"type":"binary-expr","locations":[{"start":{"line":50,"column":12},"end":{"line":50,"column":35}},{"start":{"line":50,"column":39},"end":{"line":50,"column":63}}],"line":50}},"s":{"0":2,"1":2,"2":2,"3":0,"4":0,"5":0,"6":0,"7":0,"8":2},"f":{"0":0},"b":{"0":[0,0],"1":[0,0],"2":[0,0],"3":[0,0]},"_coverageSchema":"1a1c01bbd47fc00a2c39e90264f33305004495a9","hash":"aa0d6ec612a148d249fb08b833867ded06a9f75d"}
,"D:\\Downloads\\sprint2\\se-project-28_racha-mheedum\\backend\\models\\user.js": {"path":"D:\\Downloads\\sprint2\\se-project-28_racha-mheedum\\backend\\models\\user.js","statementMap":{"0":{"start":{"line":1,"column":17},"end":{"line":1,"column":36}},"1":{"start":{"line":2,"column":15},"end":{"line":2,"column":34}},"2":{"start":{"line":3,"column":12},"end":{"line":3,"column":35}},"3":{"start":{"line":5,"column":19},"end":{"line":63,"column":2}},"4":{"start":{"line":66,"column":0},"end":{"line":70,"column":2}},"5":{"start":{"line":67,"column":2},"end":{"line":69,"column":5}},"6":{"start":{"line":74,"column":0},"end":{"line":74,"column":52}}},"fnMap":{"0":{"name":"(anonymous_0)","decl":{"start":{"line":66,"column":39},"end":{"line":66,"column":40}},"loc":{"start":{"line":66,"column":51},"end":{"line":70,"column":1}},"line":66}},"branchMap":{},"s":{"0":3,"1":3,"2":3,"3":3,"4":3,"5":3,"6":3},"f":{"0":3},"b":{},"_coverageSchema":"1a1c01bbd47fc00a2c39e90264f33305004495a9","hash":"0f7d89185db7f14b3f2b95da0c0af391e67a2b3b"}
,"D:\\Downloads\\sprint2\\se-project-28_racha-mheedum\\backend\\routes\\auth.js": {"path":"D:\\Downloads\\sprint2\\se-project-28_racha-mheedum\\backend\\routes\\auth.js","statementMap":{"0":{"start":{"line":1,"column":16},"end":{"line":1,"column":34}},"1":{"start":{"line":9,"column":4},"end":{"line":9,"column":34}},"2":{"start":{"line":11,"column":15},"end":{"line":11,"column":31}},"3":{"start":{"line":12,"column":20},"end":{"line":12,"column":49}},"4":{"start":{"line":15,"column":0},"end":{"line":15,"column":35}},"5":{"start":{"line":16,"column":0},"end":{"line":16,"column":29}},"6":{"start":{"line":17,"column":0},"end":{"line":17,"column":31}},"7":{"start":{"line":18,"column":0},"end":{"line":18,"column":34}},"8":{"start":{"line":21,"column":0},"end":{"line":21,"column":51}},"9":{"start":{"line":22,"column":0},"end":{"line":22,"column":50}},"10":{"start":{"line":24,"column":0},"end":{"line":24,"column":24}}},"fnMap":{},"branchMap":{},"s":{"0":2,"1":2,"2":2,"3":2,"4":2,"5":2,"6":2,"7":2,"8":2,"9":2,"10":2},"f":{},"b":{},"_coverageSchema":"1a1c01bbd47fc00a2c39e90264f33305004495a9","hash":"cb7ff3840a53ec58a0b26d994656f7920500d686"}
,"D:\\Downloads\\sprint2\\se-project-28_racha-mheedum\\backend\\routes\\coworkingSpace.js": {"path":"D:\\Downloads\\sprint2\\se-project-28_racha-mheedum\\backend\\routes\\coworkingSpace.js","statementMap":{"0":{"start":{"line":1,"column":16},"end":{"line":1,"column":34}},"1":{"start":{"line":2,"column":15},"end":{"line":2,"column":31}},"2":{"start":{"line":3,"column":31},"end":{"line":3,"column":60}},"3":{"start":{"line":12,"column":4},"end":{"line":12,"column":44}},"4":{"start":{"line":15,"column":24},"end":{"line":15,"column":46}},"5":{"start":{"line":18,"column":0},"end":{"line":18,"column":60}},"6":{"start":{"line":20,"column":0},"end":{"line":20,"column":50}},"7":{"start":{"line":23,"column":0},"end":{"line":25,"column":61}},"8":{"start":{"line":28,"column":0},"end":{"line":31,"column":63}},"9":{"start":{"line":40,"column":0},"end":{"line":40,"column":50}},"10":{"start":{"line":42,"column":0},"end":{"line":42,"column":24}}},"fnMap":{},"branchMap":{},"s":{"0":2,"1":2,"2":2,"3":2,"4":2,"5":2,"6":2,"7":2,"8":2,"9":2,"10":2},"f":{},"b":{},"_coverageSchema":"1a1c01bbd47fc00a2c39e90264f33305004495a9","hash":"4bb6f0ec6e07553dd4004094c4d0e221461bc834"}
,"D:\\Downloads\\sprint2\\se-project-28_racha-mheedum\\backend\\routes\\equipment.js": {"path":"D:\\Downloads\\sprint2\\se-project-28_racha-mheedum\\backend\\routes\\equipment.js","statementMap":{"0":{"start":{"line":1,"column":16},"end":{"line":1,"column":34}},"1":{"start":{"line":8,"column":4},"end":{"line":8,"column":39}},"2":{"start":{"line":10,"column":18},"end":{"line":10,"column":48}},"3":{"start":{"line":13,"column":24},"end":{"line":13,"column":64}},"4":{"start":{"line":14,"column":31},"end":{"line":14,"column":60}},"5":{"start":{"line":16,"column":15},"end":{"line":16,"column":52}},"6":{"start":{"line":19,"column":0},"end":{"line":24,"column":33}},"7":{"start":{"line":26,"column":0},"end":{"line":29,"column":38}},"8":{"start":{"line":33,"column":0},"end":{"line":33,"column":24}}},"fnMap":{},"branchMap":{},"s":{"0":2,"1":2,"2":2,"3":2,"4":2,"5":2,"6":2,"7":2,"8":2},"f":{},"b":{},"_coverageSchema":"1a1c01bbd47fc00a2c39e90264f33305004495a9","hash":"981f41ad15040c43c5d2d278a120a36d7b71c048"}
,"D:\\Downloads\\sprint2\\se-project-28_racha-mheedum\\backend\\routes\\menu.js": {"path":"D:\\Downloads\\sprint2\\se-project-28_racha-mheedum\\backend\\routes\\menu.js","statementMap":{"0":{"start":{"line":1,"column":16},"end":{"line":1,"column":34}},"1":{"start":{"line":2,"column":25},"end":{"line":2,"column":65}},"2":{"start":{"line":4,"column":15},"end":{"line":4,"column":31}},"3":{"start":{"line":7,"column":0},"end":{"line":7,"column":36}},"4":{"start":{"line":9,"column":0},"end":{"line":9,"column":24}}},"fnMap":{},"branchMap":{},"s":{"0":2,"1":2,"2":2,"3":2,"4":2},"f":{},"b":{},"_coverageSchema":"1a1c01bbd47fc00a2c39e90264f33305004495a9","hash":"e707463ee600bb58061846f1b84ba096c682bf86"}
,"D:\\Downloads\\sprint2\\se-project-28_racha-mheedum\\backend\\routes\\orders.js": {"path":"D:\\Downloads\\sprint2\\se-project-28_racha-mheedum\\backend\\routes\\orders.js","statementMap":{"0":{"start":{"line":1,"column":16},"end":{"line":1,"column":34}},"1":{"start":{"line":2,"column":37},"end":{"line":2,"column":78}},"2":{"start":{"line":3,"column":20},"end":{"line":3,"column":49}},"3":{"start":{"line":5,"column":15},"end":{"line":5,"column":31}},"4":{"start":{"line":8,"column":0},"end":{"line":8,"column":20}},"5":{"start":{"line":11,"column":0},"end":{"line":11,"column":35}},"6":{"start":{"line":15,"column":0},"end":{"line":15,"column":44}},"7":{"start":{"line":17,"column":0},"end":{"line":17,"column":24}}},"fnMap":{},"branchMap":{},"s":{"0":2,"1":2,"2":2,"3":2,"4":2,"5":2,"6":2,"7":2},"f":{},"b":{},"_coverageSchema":"1a1c01bbd47fc00a2c39e90264f33305004495a9","hash":"d681d1ce7fee747ef524f94fc0df8de92f46baaa"}
,"D:\\Downloads\\sprint2\\se-project-28_racha-mheedum\\backend\\routes\\reservation.js": {"path":"D:\\Downloads\\sprint2\\se-project-28_racha-mheedum\\backend\\routes\\reservation.js","statementMap":{"0":{"start":{"line":1,"column":16},"end":{"line":1,"column":34}},"1":{"start":{"line":2,"column":15},"end":{"line":2,"column":31}},"2":{"start":{"line":3,"column":31},"end":{"line":3,"column":60}},"3":{"start":{"line":16,"column":4},"end":{"line":16,"column":41}},"4":{"start":{"line":19,"column":0},"end":{"line":21,"column":38}},"5":{"start":{"line":24,"column":0},"end":{"line":24,"column":46}},"6":{"start":{"line":27,"column":0},"end":{"line":27,"column":69}},"7":{"start":{"line":30,"column":0},"end":{"line":30,"column":74}},"8":{"start":{"line":33,"column":0},"end":{"line":36,"column":40}},"9":{"start":{"line":38,"column":0},"end":{"line":39,"column":44}},"10":{"start":{"line":40,"column":0},"end":{"line":41,"column":53}},"11":{"start":{"line":43,"column":0},"end":{"line":43,"column":24}}},"fnMap":{},"branchMap":{},"s":{"0":2,"1":2,"2":2,"3":2,"4":2,"5":2,"6":2,"7":2,"8":2,"9":2,"10":2,"11":2},"f":{},"b":{},"_coverageSchema":"1a1c01bbd47fc00a2c39e90264f33305004495a9","hash":"14e86fa44fead7ecc470d87b174ef4788f6c00ed"}
,"D:\\Downloads\\sprint2\\se-project-28_racha-mheedum\\backend\\utils\\errorResponse.js": {"path":"D:\\Downloads\\sprint2\\se-project-28_racha-mheedum\\backend\\utils\\errorResponse.js","statementMap":{"0":{"start":{"line":4,"column":8},"end":{"line":4,"column":23}},"1":{"start":{"line":5,"column":8},"end":{"line":5,"column":37}},"2":{"start":{"line":8,"column":8},"end":{"line":8,"column":73}},"3":{"start":{"line":10,"column":8},"end":{"line":10,"column":34}},"4":{"start":{"line":13,"column":8},"end":{"line":13,"column":56}},"5":{"start":{"line":17,"column":0},"end":{"line":17,"column":31}}},"fnMap":{"0":{"name":"(anonymous_0)","decl":{"start":{"line":3,"column":4},"end":{"line":3,"column":5}},"loc":{"start":{"line":3,"column":37},"end":{"line":14,"column":5}},"line":3}},"branchMap":{"0":{"loc":{"start":{"line":8,"column":22},"end":{"line":8,"column":72}},"type":"cond-expr","locations":[{"start":{"line":8,"column":56},"end":{"line":8,"column":62}},{"start":{"line":8,"column":65},"end":{"line":8,"column":72}}],"line":8}},"s":{"0":0,"1":0,"2":0,"3":0,"4":0,"5":2},"f":{"0":0},"b":{"0":[0,0]},"_coverageSchema":"1a1c01bbd47fc00a2c39e90264f33305004495a9","hash":"cfa6960f610c5f5133ba5783227083325005183a"}
,"D:\\Downloads\\sprint2\\se-project-28_racha-mheedum\\backend\\utils\\schedulerTasks.js": {"path":"D:\\Downloads\\sprint2\\se-project-28_racha-mheedum\\backend\\utils\\schedulerTasks.js","statementMap":{"0":{"start":{"line":1,"column":20},"end":{"line":1,"column":52}},"1":{"start":{"line":4,"column":29},"end":{"line":17,"column":1}},"2":{"start":{"line":5,"column":2},"end":{"line":16,"column":3}},"3":{"start":{"line":6,"column":26},"end":{"line":6,"column":50}},"4":{"start":{"line":7,"column":20},"end":{"line":7,"column":61}},"5":{"start":{"line":8,"column":4},"end":{"line":11,"column":5}},"6":{"start":{"line":9,"column":6},"end":{"line":9,"column":94}},"7":{"start":{"line":10,"column":6},"end":{"line":10,"column":16}},"8":{"start":{"line":12,"column":4},"end":{"line":12,"column":19}},"9":{"start":{"line":14,"column":4},"end":{"line":14,"column":77}},"10":{"start":{"line":15,"column":4},"end":{"line":15,"column":14}},"11":{"start":{"line":19,"column":31},"end":{"line":62,"column":1}},"12":{"start":{"line":20,"column":2},"end":{"line":20,"column":69}},"13":{"start":{"line":21,"column":14},"end":{"line":21,"column":24}},"14":{"start":{"line":23,"column":2},"end":{"line":61,"column":3}},"15":{"start":{"line":26,"column":33},"end":{"line":29,"column":6}},"16":{"start":{"line":31,"column":23},"end":{"line":31,"column":24}},"17":{"start":{"line":32,"column":21},"end":{"line":32,"column":23}},"18":{"start":{"line":34,"column":4},"end":{"line":50,"column":5}},"19":{"start":{"line":35,"column":30},"end":{"line":35,"column":56}},"20":{"start":{"line":36,"column":33},"end":{"line":36,"column":58}},"21":{"start":{"line":37,"column":26},"end":{"line":37,"column":68}},"22":{"start":{"line":40,"column":6},"end":{"line":40,"column":56}},"23":{"start":{"line":43,"column":6},"end":{"line":49,"column":7}},"24":{"start":{"line":44,"column":8},"end":{"line":44,"column":88}},"25":{"start":{"line":45,"column":8},"end":{"line":47,"column":10}},"26":{"start":{"line":48,"column":8},"end":{"line":48,"column":23}},"27":{"start":{"line":52,"column":4},"end":{"line":57,"column":5}},"28":{"start":{"line":53,"column":6},"end":{"line":53,"column":34}},"29":{"start":{"line":54,"column":6},"end":{"line":54,"column":99}},"30":{"start":{"line":56,"column":6},"end":{"line":56,"column":71}},"31":{"start":{"line":60,"column":4},"end":{"line":60,"column":74}},"32":{"start":{"line":64,"column":0},"end":{"line":64,"column":44}}},"fnMap":{"0":{"name":"(anonymous_0)","decl":{"start":{"line":4,"column":29},"end":{"line":4,"column":30}},"loc":{"start":{"line":4,"column":43},"end":{"line":17,"column":1}},"line":4},"1":{"name":"(anonymous_1)","decl":{"start":{"line":19,"column":31},"end":{"line":19,"column":32}},"loc":{"start":{"line":19,"column":43},"end":{"line":62,"column":1}},"line":19}},"branchMap":{"0":{"loc":{"start":{"line":8,"column":4},"end":{"line":11,"column":5}},"type":"if","locations":[{"start":{"line":8,"column":4},"end":{"line":11,"column":5}},{"start":{},"end":{}}],"line":8},"1":{"loc":{"start":{"line":43,"column":6},"end":{"line":49,"column":7}},"type":"if","locations":[{"start":{"line":43,"column":6},"end":{"line":49,"column":7}},{"start":{},"end":{}}],"line":43},"2":{"loc":{"start":{"line":52,"column":4},"end":{"line":57,"column":5}},"type":"if","locations":[{"start":{"line":52,"column":4},"end":{"line":57,"column":5}},{"start":{"line":55,"column":11},"end":{"line":57,"column":5}}],"line":52}},"s":{"0":2,"1":2,"2":0,"3":0,"4":0,"5":0,"6":0,"7":0,"8":0,"9":0,"10":0,"11":2,"12":0,"13":0,"14":0,"15":0,"16":0,"17":0,"18":0,"19":0,"20":0,"21":0,"22":0,"23":0,"24":0,"25":0,"26":0,"27":0,"28":0,"29":0,"30":0,"31":0,"32":2},"f":{"0":0,"1":0},"b":{"0":[0,0],"1":[0,0],"2":[0,0]},"_coverageSchema":"1a1c01bbd47fc00a2c39e90264f33305004495a9","hash":"78311bd4d3fa0b0edb148e6df296b4efe0ca4fc1"}
,"D:\\Downloads\\sprint2\\se-project-28_racha-mheedum\\backend\\utils\\sendEmail.js": {"path":"D:\\Downloads\\sprint2\\se-project-28_racha-mheedum\\backend\\utils\\sendEmail.js","statementMap":{"0":{"start":{"line":1,"column":18},"end":{"line":15,"column":1}},"1":{"start":{"line":7,"column":4},"end":{"line":7,"column":55}},"2":{"start":{"line":8,"column":4},"end":{"line":8,"column":35}},"3":{"start":{"line":9,"column":4},"end":{"line":9,"column":45}},"4":{"start":{"line":10,"column":4},"end":{"line":10,"column":44}},"5":{"start":{"line":11,"column":4},"end":{"line":11,"column":55}},"6":{"start":{"line":14,"column":4},"end":{"line":14,"column":29}},"7":{"start":{"line":17,"column":0},"end":{"line":17,"column":31}}},"fnMap":{"0":{"name":"(anonymous_0)","decl":{"start":{"line":1,"column":18},"end":{"line":1,"column":19}},"loc":{"start":{"line":1,"column":37},"end":{"line":15,"column":1}},"line":1}},"branchMap":{},"s":{"0":2,"1":0,"2":0,"3":0,"4":0,"5":0,"6":0,"7":2},"f":{"0":0},"b":{},"_coverageSchema":"1a1c01bbd47fc00a2c39e90264f33305004495a9","hash":"025a3ec68f322a3e3e8855438343ac5de06eaecc"}
}
