TN:
SF:server.js
FN:22,(anonymous_0)
FN:101,(anonymous_1)
FN:105,(anonymous_2)
FN:114,(anonymous_3)
FN:116,(anonymous_4)
FN:122,(anonymous_5)
FN:126,(anonymous_6)
FN:136,(anonymous_7)
FN:141,(anonymous_8)
FN:144,(anonymous_9)
FNF:10
FNH:1
FNDA:2,(anonymous_0)
FNDA:0,(anonymous_1)
FNDA:0,(anonymous_2)
FNDA:0,(anonymous_3)
FNDA:0,(anonymous_4)
FNDA:0,(anonymous_5)
FNDA:0,(anonymous_6)
FNDA:0,(anonymous_7)
FNDA:0,(anonymous_8)
FNDA:0,(anonymous_9)
DA:1,2
DA:2,2
DA:3,2
DA:4,2
DA:5,2
DA:6,2
DA:7,2
DA:8,2
DA:9,2
DA:10,2
DA:11,2
DA:14,2
DA:15,2
DA:19,2
DA:22,2
DA:23,2
DA:24,2
DA:29,2
DA:31,0
DA:32,0
DA:35,2
DA:37,2
DA:40,2
DA:41,2
DA:45,2
DA:55,2
DA:63,2
DA:65,2
DA:66,2
DA:69,2
DA:72,2
DA:75,2
DA:78,2
DA:82,2
DA:85,2
DA:86,2
DA:87,2
DA:88,2
DA:89,2
DA:90,2
DA:93,2
DA:94,2
DA:95,2
DA:96,2
DA:97,2
DA:98,2
DA:101,2
DA:102,0
DA:105,0
DA:106,0
DA:113,2
DA:114,2
DA:115,0
DA:116,0
DA:117,0
DA:122,2
DA:123,0
DA:126,2
DA:127,0
DA:131,2
DA:134,2
DA:136,0
DA:137,0
DA:141,2
DA:142,0
DA:143,0
DA:144,0
DA:146,0
DA:152,2
LF:69
LH:53
BRDA:41,0,0,0
BRDA:41,0,1,2
BRDA:131,1,0,2
BRDA:131,1,1,0
BRDA:134,2,0,0
BRDA:134,2,1,2
BRDA:143,3,0,0
BRDA:143,3,1,0
BRF:8
BRH:3
end_of_record
TN:
SF:controllers\auth.js
FN:6,(anonymous_0)
FN:30,(anonymous_1)
FN:63,(anonymous_2)
FN:89,(anonymous_3)
FN:102,(anonymous_4)
FN:119,(anonymous_5)
FN:159,(anonymous_6)
FNF:7
FNH:0
FNDA:0,(anonymous_0)
FNDA:0,(anonymous_1)
FNDA:0,(anonymous_2)
FNDA:0,(anonymous_3)
FNDA:0,(anonymous_4)
FNDA:0,(anonymous_5)
FNDA:0,(anonymous_6)
DA:1,2
DA:2,2
DA:3,2
DA:6,2
DA:7,0
DA:10,0
DA:15,0
DA:16,0
DA:19,0
DA:30,2
DA:31,0
DA:32,0
DA:34,0
DA:35,0
DA:39,0
DA:40,0
DA:41,0
DA:45,0
DA:53,0
DA:55,0
DA:56,0
DA:63,2
DA:64,0
DA:67,0
DA:68,0
DA:72,0
DA:73,0
DA:74,0
DA:78,0
DA:79,0
DA:80,0
DA:83,0
DA:89,2
DA:90,0
DA:91,0
DA:92,0
DA:94,0
DA:95,0
DA:102,2
DA:103,0
DA:104,0
DA:105,0
DA:107,0
DA:108,0
DA:119,2
DA:120,0
DA:122,0
DA:123,0
DA:125,0
DA:126,0
DA:130,0
DA:131,0
DA:132,0
DA:133,0
DA:136,0
DA:137,0
DA:139,0
DA:144,0
DA:146,0
DA:152,0
DA:153,0
DA:159,2
DA:160,0
DA:161,0
DA:163,0
DA:164,0
DA:168,0
DA:173,0
DA:174,0
LF:69
LH:10
BRDA:15,0,0,0
BRDA:15,0,1,0
BRDA:32,1,0,0
BRDA:34,2,0,0
BRDA:34,2,1,0
BRDA:34,3,0,0
BRDA:34,3,1,0
BRDA:34,3,2,0
BRDA:34,3,3,0
BRDA:40,4,0,0
BRDA:40,4,1,0
BRDA:67,5,0,0
BRDA:67,5,1,0
BRDA:67,6,0,0
BRDA:67,6,1,0
BRDA:73,7,0,0
BRDA:73,7,1,0
BRDA:79,8,0,0
BRDA:79,8,1,0
BRDA:125,9,0,0
BRDA:125,9,1,0
BRDA:130,10,0,0
BRDA:130,10,1,0
BRDA:130,10,2,0
BRDA:131,11,0,0
BRDA:131,11,1,0
BRDA:131,11,2,0
BRDA:132,12,0,0
BRDA:132,12,1,0
BRDA:132,13,0,0
BRDA:132,13,1,0
BRDA:133,14,0,0
BRDA:133,14,1,0
BRDA:133,15,0,0
BRDA:133,15,1,0
BRDA:136,16,0,0
BRDA:136,16,1,0
BRDA:139,17,0,0
BRDA:139,17,1,0
BRDA:141,18,0,0
BRDA:141,18,1,0
BRDA:163,19,0,0
BRDA:163,19,1,0
BRF:43
BRH:0
end_of_record
TN:
SF:controllers\coworkingSpace.js
FN:8,(anonymous_0)
FN:27,(anonymous_1)
FN:53,(anonymous_2)
FN:64,(anonymous_3)
FN:103,(anonymous_4)
FN:136,(anonymous_5)
FN:165,(anonymous_6)
FNF:7
FNH:0
FNDA:0,(anonymous_0)
FNDA:0,(anonymous_1)
FNDA:0,(anonymous_2)
FNDA:0,(anonymous_3)
FNDA:0,(anonymous_4)
FNDA:0,(anonymous_5)
FNDA:0,(anonymous_6)
DA:1,2
DA:2,2
DA:8,2
DA:9,0
DA:10,0
DA:11,0
DA:17,0
DA:27,2
DA:28,0
DA:29,0
DA:31,0
DA:32,0
DA:38,0
DA:43,0
DA:53,2
DA:54,0
DA:56,0
DA:59,0
DA:62,0
DA:64,0
DA:69,0
DA:71,0
DA:72,0
DA:74,0
DA:83,0
DA:90,0
DA:92,0
DA:103,2
DA:104,0
DA:105,0
DA:114,0
DA:115,0
DA:121,0
DA:126,0
DA:136,2
DA:137,0
DA:138,0
DA:140,0
DA:141,0
DA:147,0
DA:149,0
DA:154,0
DA:165,2
DA:167,0
DA:168,0
DA:170,0
DA:172,0
DA:173,0
DA:180,0
DA:181,0
DA:184,0
DA:196,0
DA:198,0
DA:199,0
DA:202,0
DA:209,0
DA:210,0
LF:57
LH:8
BRDA:31,0,0,0
BRDA:31,0,1,0
BRDA:62,1,0,0
BRDA:62,1,1,0
BRDA:62,2,0,0
BRDA:62,2,1,0
BRDA:62,2,2,0
BRDA:94,3,0,0
BRDA:94,3,1,0
BRDA:114,4,0,0
BRDA:114,4,1,0
BRDA:140,5,0,0
BRDA:140,5,1,0
BRDA:172,6,0,0
BRDA:172,6,1,0
BRDA:172,7,0,0
BRDA:172,7,1,0
BRDA:198,8,0,0
BRDA:198,8,1,0
BRDA:210,9,0,0
BRDA:210,9,1,0
BRF:21
BRH:0
end_of_record
TN:
SF:controllers\equipment.js
FN:11,(anonymous_0)
FN:47,(anonymous_1)
FN:68,(anonymous_2)
FN:95,(anonymous_3)
FN:120,(anonymous_4)
FNF:5
FNH:0
FNDA:0,(anonymous_0)
FNDA:0,(anonymous_1)
FNDA:0,(anonymous_2)
FNDA:0,(anonymous_3)
FNDA:0,(anonymous_4)
DA:1,2
DA:2,2
DA:3,2
DA:4,2
DA:11,2
DA:14,0
DA:16,0
DA:17,0
DA:18,0
DA:22,0
DA:24,0
DA:30,0
DA:31,0
DA:33,0
DA:39,0
DA:40,0
DA:47,2
DA:48,0
DA:53,0
DA:54,0
DA:59,0
DA:68,2
DA:69,0
DA:74,0
DA:75,0
DA:76,0
DA:84,0
DA:86,0
DA:95,2
DA:96,0
DA:98,0
DA:99,0
DA:106,0
DA:111,0
DA:120,2
DA:121,0
DA:123,0
DA:124,0
DA:131,0
DA:133,0
LF:40
LH:9
BRDA:14,0,0,0
BRDA:14,0,1,0
BRDA:17,1,0,0
BRDA:17,1,1,0
BRDA:53,2,0,0
BRDA:53,2,1,0
BRDA:75,3,0,0
BRDA:75,3,1,0
BRDA:98,4,0,0
BRDA:98,4,1,0
BRDA:123,5,0,0
BRDA:123,5,1,0
BRF:12
BRH:0
end_of_record
TN:
SF:controllers\menuController.js
FN:6,(anonymous_0)
FNF:1
FNH:1
FNDA:3,(anonymous_0)
DA:1,2
DA:6,2
DA:7,3
DA:10,3
DA:14,3
DA:16,0
DA:18,0
LF:7
LH:5
BRDA:14,0,0,3
BRDA:14,0,1,0
BRF:2
BRH:1
end_of_record
TN:
SF:controllers\orderController.js
FN:8,(anonymous_0)
FN:86,(anonymous_1)
FN:105,(anonymous_2)
FNF:3
FNH:2
FNDA:9,(anonymous_0)
FNDA:0,(anonymous_1)
FNDA:4,(anonymous_2)
DA:1,2
DA:2,2
DA:3,2
DA:8,2
DA:9,9
DA:10,9
DA:13,9
DA:14,2
DA:17,7
DA:18,7
DA:19,7
DA:22,7
DA:24,8
DA:25,4
DA:28,4
DA:31,4
DA:33,1
DA:37,3
DA:38,1
DA:42,2
DA:45,2
DA:53,1
DA:56,1
DA:64,1
DA:65,1
DA:68,1
DA:69,1
DA:71,0
DA:76,1
DA:82,0
DA:84,0
DA:86,0
DA:87,0
DA:88,0
DA:90,0
DA:93,0
DA:94,0
DA:97,0
DA:105,2
DA:106,4
DA:107,4
DA:108,4
DA:111,4
DA:112,1
DA:115,3
DA:116,3
DA:121,3
DA:122,1
DA:127,2
DA:129,1
DA:135,1
DA:138,0
DA:140,0
DA:141,0
DA:143,0
LF:55
LH:41
BRDA:13,0,0,2
BRDA:13,0,1,7
BRDA:13,1,0,9
BRDA:13,1,1,8
BRDA:13,1,2,8
BRDA:24,2,0,4
BRDA:24,2,1,4
BRDA:24,3,0,8
BRDA:24,3,1,7
BRDA:24,3,2,6
BRDA:24,3,3,5
BRDA:24,3,4,4
BRDA:31,4,0,1
BRDA:31,4,1,3
BRDA:37,5,0,1
BRDA:37,5,1,2
BRDA:65,6,0,1
BRDA:65,6,1,0
BRDA:84,7,0,0
BRDA:84,7,1,0
BRDA:93,8,0,0
BRDA:93,8,1,0
BRDA:93,9,0,0
BRDA:93,9,1,0
BRDA:111,10,0,1
BRDA:111,10,1,3
BRDA:121,11,0,1
BRDA:121,11,1,2
BRDA:127,12,0,1
BRDA:127,12,1,1
BRDA:127,13,0,2
BRDA:127,13,1,1
BRDA:140,14,0,0
BRDA:140,14,1,0
BRDA:140,15,0,0
BRDA:140,15,1,0
BRF:36
BRH:25
end_of_record
TN:
SF:controllers\reservation.js
FN:8,(anonymous_0)
FN:38,(anonymous_1)
FN:42,(anonymous_2)
FN:65,(anonymous_3)
FN:79,(anonymous_4)
FN:93,(anonymous_5)
FN:116,(anonymous_6)
FN:225,(anonymous_7)
FN:233,(anonymous_8)
FN:290,(anonymous_9)
FN:325,(anonymous_10)
FN:370,(anonymous_11)
FN:385,(anonymous_12)
FN:399,(anonymous_13)
FN:431,(anonymous_14)
FN:476,(anonymous_15)
FN:533,(anonymous_16)
FN:590,(anonymous_17)
FNF:18
FNH:0
FNDA:0,(anonymous_0)
FNDA:0,(anonymous_1)
FNDA:0,(anonymous_2)
FNDA:0,(anonymous_3)
FNDA:0,(anonymous_4)
FNDA:0,(anonymous_5)
FNDA:0,(anonymous_6)
FNDA:0,(anonymous_7)
FNDA:0,(anonymous_8)
FNDA:0,(anonymous_9)
FNDA:0,(anonymous_10)
FNDA:0,(anonymous_11)
FNDA:0,(anonymous_12)
FNDA:0,(anonymous_13)
FNDA:0,(anonymous_14)
FNDA:0,(anonymous_15)
FNDA:0,(anonymous_16)
FNDA:0,(anonymous_17)
DA:1,2
DA:2,2
DA:3,2
DA:4,2
DA:5,2
DA:6,2
DA:8,2
DA:9,0
DA:10,0
DA:12,0
DA:13,0
DA:20,0
DA:30,0
DA:31,0
DA:38,0
DA:42,0
DA:49,0
DA:56,0
DA:57,0
DA:65,2
DA:66,0
DA:67,0
DA:71,0
DA:73,0
DA:74,0
DA:79,2
DA:80,0
DA:81,0
DA:85,0
DA:87,0
DA:88,0
DA:93,2
DA:94,0
DA:95,0
DA:99,0
DA:100,0
DA:104,0
DA:105,0
DA:108,0
DA:110,0
DA:111,0
DA:116,2
DA:117,0
DA:118,0
DA:119,0
DA:121,0
DA:122,0
DA:126,0
DA:127,0
DA:128,0
DA:132,0
DA:139,0
DA:140,0
DA:144,0
DA:145,0
DA:146,0
DA:147,0
DA:148,0
DA:149,0
DA:152,0
DA:155,0
DA:156,0
DA:160,0
DA:161,0
DA:165,0
DA:166,0
DA:172,0
DA:176,0
DA:185,0
DA:187,0
DA:197,0
DA:200,0
DA:202,0
DA:203,0
DA:205,0
DA:206,0
DA:207,0
DA:208,0
DA:209,0
DA:211,0
DA:214,0
DA:220,0
DA:222,0
DA:224,0
DA:225,0
DA:231,0
DA:232,0
DA:233,0
DA:236,0
DA:237,0
DA:252,0
DA:257,0
DA:260,0
DA:267,0
DA:273,0
DA:275,0
DA:276,0
DA:279,0
DA:280,0
DA:283,0
DA:290,2
DA:291,0
DA:292,0
DA:294,0
DA:295,0
DA:299,0
DA:300,0
DA:304,0
DA:305,0
DA:306,0
DA:308,0
DA:309,0
DA:312,0
DA:317,0
DA:319,0
DA:320,0
DA:325,2
DA:326,0
DA:327,0
DA:329,0
DA:330,0
DA:334,0
DA:335,0
DA:336,0
DA:340,0
DA:341,0
DA:342,0
DA:343,0
DA:344,0
DA:345,0
DA:346,0
DA:347,0
DA:348,0
DA:349,0
DA:352,0
DA:355,0
DA:360,0
DA:362,0
DA:364,0
DA:365,0
DA:370,2
DA:371,0
DA:372,0
DA:375,0
DA:376,0
DA:377,0
DA:381,0
DA:385,0
DA:387,0
DA:394,0
DA:395,0
DA:399,2
DA:400,0
DA:401,0
DA:403,0
DA:404,0
DA:407,0
DA:408,0
DA:411,0
DA:412,0
DA:416,0
DA:417,0
DA:418,0
DA:420,0
DA:426,0
DA:427,0
DA:431,2
DA:432,0
DA:433,0
DA:435,0
DA:436,0
DA:443,0
DA:445,0
DA:451,0
DA:460,0
DA:465,0
DA:466,0
DA:476,2
DA:477,0
DA:478,0
DA:481,0
DA:482,0
DA:486,0
DA:488,0
DA:489,0
DA:493,0
DA:494,0
DA:498,0
DA:499,0
DA:500,0
DA:501,0
DA:504,0
DA:506,0
DA:507,0
DA:510,0
DA:511,0
DA:514,0
DA:521,0
DA:522,0
DA:524,0
DA:533,2
DA:534,0
DA:535,0
DA:538,0
DA:539,0
DA:543,0
DA:545,0
DA:546,0
DA:550,0
DA:551,0
DA:555,0
DA:556,0
DA:557,0
DA:558,0
DA:561,0
DA:563,0
DA:564,0
DA:567,0
DA:568,0
DA:571,0
DA:578,0
DA:579,0
DA:581,0
DA:590,2
DA:592,0
DA:595,0
DA:597,0
DA:598,0
DA:606,0
DA:612,0
DA:614,0
DA:617,0
LF:232
LH:19
BRDA:12,0,0,0
BRDA:12,0,1,0
BRDA:30,1,0,0
BRDA:30,1,1,0
BRDA:30,2,0,0
BRDA:30,2,1,0
BRDA:43,3,0,0
BRDA:43,3,1,0
BRDA:74,4,0,0
BRDA:74,4,1,0
BRDA:88,5,0,0
BRDA:88,5,1,0
BRDA:99,6,0,0
BRDA:99,6,1,0
BRDA:104,7,0,0
BRDA:104,7,1,0
BRDA:104,8,0,0
BRDA:104,8,1,0
BRDA:111,9,0,0
BRDA:111,9,1,0
BRDA:121,10,0,0
BRDA:121,10,1,0
BRDA:121,11,0,0
BRDA:121,11,1,0
BRDA:121,11,2,0
BRDA:127,12,0,0
BRDA:127,12,1,0
BRDA:139,13,0,0
BRDA:139,13,1,0
BRDA:146,14,0,0
BRDA:146,14,1,0
BRDA:146,15,0,0
BRDA:146,15,1,0
BRDA:146,15,2,0
BRDA:148,16,0,0
BRDA:148,16,1,0
BRDA:148,17,0,0
BRDA:148,17,1,0
BRDA:155,18,0,0
BRDA:155,18,1,0
BRDA:160,19,0,0
BRDA:160,19,1,0
BRDA:165,20,0,0
BRDA:165,20,1,0
BRDA:185,21,0,0
BRDA:185,21,1,0
BRDA:203,22,0,0
BRDA:203,22,1,0
BRDA:203,23,0,0
BRDA:203,23,1,0
BRDA:205,24,0,0
BRDA:205,24,1,0
BRDA:208,25,0,0
BRDA:208,25,1,0
BRDA:220,26,0,0
BRDA:220,26,1,0
BRDA:231,27,0,0
BRDA:231,27,1,0
BRDA:275,28,0,0
BRDA:275,28,1,0
BRDA:279,29,0,0
BRDA:279,29,1,0
BRDA:279,30,0,0
BRDA:279,30,1,0
BRDA:294,31,0,0
BRDA:294,31,1,0
BRDA:299,32,0,0
BRDA:299,32,1,0
BRDA:299,33,0,0
BRDA:299,33,1,0
BRDA:305,34,0,0
BRDA:305,34,1,0
BRDA:306,35,0,0
BRDA:306,35,1,0
BRDA:308,36,0,0
BRDA:308,36,1,0
BRDA:329,37,0,0
BRDA:329,37,1,0
BRDA:335,38,0,0
BRDA:335,38,1,0
BRDA:335,39,0,0
BRDA:335,39,1,0
BRDA:342,40,0,0
BRDA:342,40,1,0
BRDA:342,41,0,0
BRDA:342,41,1,0
BRDA:343,42,0,0
BRDA:343,42,1,0
BRDA:348,43,0,0
BRDA:348,43,1,0
BRDA:365,44,0,0
BRDA:365,44,1,0
BRDA:376,45,0,0
BRDA:376,45,1,0
BRDA:395,46,0,0
BRDA:395,46,1,0
BRDA:403,47,0,0
BRDA:403,47,1,0
BRDA:407,48,0,0
BRDA:407,48,1,0
BRDA:407,49,0,0
BRDA:407,49,1,0
BRDA:411,50,0,0
BRDA:411,50,1,0
BRDA:427,51,0,0
BRDA:427,51,1,0
BRDA:435,52,0,0
BRDA:435,52,1,0
BRDA:435,53,0,0
BRDA:435,53,1,0
BRDA:435,53,2,0
BRDA:435,53,3,0
BRDA:435,53,4,0
BRDA:435,53,5,0
BRDA:443,54,0,0
BRDA:443,54,1,0
BRDA:443,55,0,0
BRDA:443,55,1,0
BRDA:443,55,2,0
BRDA:443,55,3,0
BRDA:468,56,0,0
BRDA:468,56,1,0
BRDA:481,57,0,0
BRDA:481,57,1,0
BRDA:481,58,0,0
BRDA:481,58,1,0
BRDA:488,59,0,0
BRDA:488,59,1,0
BRDA:493,60,0,0
BRDA:493,60,1,0
BRDA:500,61,0,0
BRDA:500,61,1,0
BRDA:500,62,0,0
BRDA:500,62,1,0
BRDA:506,63,0,0
BRDA:506,63,1,0
BRDA:510,64,0,0
BRDA:510,64,1,0
BRDA:538,65,0,0
BRDA:538,65,1,0
BRDA:538,66,0,0
BRDA:538,66,1,0
BRDA:545,67,0,0
BRDA:545,67,1,0
BRDA:550,68,0,0
BRDA:550,68,1,0
BRDA:557,69,0,0
BRDA:557,69,1,0
BRDA:557,70,0,0
BRDA:557,70,1,0
BRDA:563,71,0,0
BRDA:563,71,1,0
BRDA:567,72,0,0
BRDA:567,72,1,0
BRDA:597,73,0,0
BRDA:597,73,1,0
BRDA:612,74,0,0
BRDA:612,74,1,0
BRF:158
BRH:0
end_of_record
TN:
SF:middleware\advancedResults.js
FN:1,(anonymous_0)
FN:1,(anonymous_1)
FN:11,(anonymous_2)
FN:17,(anonymous_3)
FNF:4
FNH:1
FNDA:2,(anonymous_0)
FNDA:0,(anonymous_1)
FNDA:0,(anonymous_2)
FNDA:0,(anonymous_3)
DA:1,2
DA:5,0
DA:8,0
DA:11,0
DA:14,0
DA:17,0
DA:20,0
DA:23,0
DA:24,0
DA:25,0
DA:28,0
DA:32,0
DA:33,0
DA:34,0
DA:37,0
DA:41,0
DA:42,0
DA:43,0
DA:44,0
DA:45,0
DA:47,0
DA:50,0
DA:51,0
DA:55,0
DA:58,0
DA:60,0
DA:61,0
DA:67,0
DA:68,0
DA:74,0
DA:81,0
DA:84,2
LF:32
LH:2
BRDA:23,0,0,0
BRDA:23,0,1,0
BRDA:32,1,0,0
BRDA:32,1,1,0
BRDA:41,2,0,0
BRDA:41,2,1,0
BRDA:42,3,0,0
BRDA:42,3,1,0
BRDA:50,4,0,0
BRDA:50,4,1,0
BRDA:60,5,0,0
BRDA:60,5,1,0
BRDA:67,6,0,0
BRDA:67,6,1,0
BRF:14
BRH:0
end_of_record
TN:
SF:middleware\async.js
FN:1,(anonymous_0)
FN:1,(anonymous_1)
FNF:2
FNH:1
FNDA:10,(anonymous_0)
FNDA:0,(anonymous_1)
DA:1,10
DA:2,0
DA:6,2
LF:3
LH:2
BRF:0
BRH:0
end_of_record
TN:
SF:middleware\auth.js
FN:6,(anonymous_0)
FN:55,(anonymous_1)
FN:56,(anonymous_2)
FNF:3
FNH:2
FNDA:15,(anonymous_0)
FNDA:8,(anonymous_1)
FNDA:0,(anonymous_2)
DA:1,2
DA:2,2
DA:6,2
DA:9,15
DA:10,15
DA:12,15
DA:13,0
DA:14,0
DA:15,15
DA:16,13
DA:17,13
DA:21,15
DA:22,2
DA:29,13
DA:30,13
DA:33,13
DA:34,13
DA:35,0
DA:42,13
DA:43,13
DA:45,0
DA:46,0
DA:55,2
DA:56,8
DA:57,0
DA:58,0
DA:63,0
LF:27
LH:19
BRDA:12,0,0,0
BRDA:12,0,1,15
BRDA:15,1,0,13
BRDA:15,1,1,2
BRDA:15,2,0,15
BRDA:15,2,1,13
BRDA:21,3,0,2
BRDA:21,3,1,13
BRDA:34,4,0,0
BRDA:34,4,1,13
BRDA:57,5,0,0
BRDA:57,5,1,0
BRF:12
BRH:8
end_of_record
TN:
SF:models\MenuItem.js
FNF:0
FNH:0
DA:1,4
DA:3,4
DA:39,4
DA:41,4
LF:4
LH:4
BRF:0
BRH:0
end_of_record
TN:
SF:models\Order.js
FN:40,(anonymous_0)
FNF:1
FNH:1
FNDA:13,(anonymous_0)
DA:1,3
DA:4,3
DA:28,3
DA:40,13
DA:69,3
DA:71,3
LF:6
LH:6
BRF:0
BRH:0
end_of_record
TN:
SF:models\coworkingSpace.js
FNF:0
FNH:0
DA:1,2
DA:3,2
DA:31,2
DA:33,2
LF:4
LH:4
BRF:0
BRH:0
end_of_record
TN:
SF:models\equipment.js
FNF:0
FNH:0
DA:1,2
DA:3,2
DA:31,2
LF:3
LH:3
BRF:0
BRH:0
end_of_record
TN:
SF:models\reservation.js
FN:42,(anonymous_0)
FNF:1
FNH:0
FNDA:0,(anonymous_0)
DA:1,2
DA:3,2
DA:42,2
DA:43,0
DA:44,0
DA:50,0
DA:51,0
DA:54,0
DA:57,2
LF:9
LH:4
BRDA:43,0,0,0
BRDA:43,0,1,0
BRDA:43,1,0,0
BRDA:43,1,1,0
BRDA:50,2,0,0
BRDA:50,2,1,0
BRDA:50,3,0,0
BRDA:50,3,1,0
BRF:8
BRH:0
end_of_record
TN:
SF:models\user.js
FN:66,(anonymous_0)
FNF:1
FNH:1
FNDA:3,(anonymous_0)
DA:1,3
DA:2,3
DA:3,3
DA:5,3
DA:66,3
DA:67,3
DA:74,3
LF:7
LH:7
BRF:0
BRH:0
end_of_record
TN:
SF:routes\auth.js
FNF:0
FNH:0
DA:1,2
DA:9,2
DA:11,2
DA:12,2
DA:15,2
DA:16,2
DA:17,2
DA:18,2
DA:21,2
DA:22,2
DA:24,2
LF:11
LH:11
BRF:0
BRH:0
end_of_record
TN:
SF:routes\coworkingSpace.js
FNF:0
FNH:0
DA:1,2
DA:2,2
DA:3,2
DA:12,2
DA:15,2
DA:18,2
DA:20,2
DA:23,2
DA:28,2
DA:40,2
DA:42,2
LF:11
LH:11
BRF:0
BRH:0
end_of_record
TN:
SF:routes\equipment.js
FNF:0
FNH:0
DA:1,2
DA:8,2
DA:10,2
DA:13,2
DA:14,2
DA:16,2
DA:19,2
DA:26,2
DA:33,2
LF:9
LH:9
BRF:0
BRH:0
end_of_record
TN:
SF:routes\menu.js
FNF:0
FNH:0
DA:1,2
DA:2,2
DA:4,2
DA:7,2
DA:9,2
LF:5
LH:5
BRF:0
BRH:0
end_of_record
TN:
SF:routes\orders.js
FNF:0
FNH:0
DA:1,2
DA:2,2
DA:3,2
DA:5,2
DA:8,2
DA:11,2
DA:15,2
DA:17,2
LF:8
LH:8
BRF:0
BRH:0
end_of_record
TN:
SF:routes\reservation.js
FNF:0
FNH:0
DA:1,2
DA:2,2
DA:3,2
DA:16,2
DA:19,2
DA:24,2
DA:27,2
DA:30,2
DA:33,2
DA:38,2
DA:40,2
DA:43,2
LF:12
LH:12
BRF:0
BRH:0
end_of_record
TN:
SF:utils\errorResponse.js
FN:3,(anonymous_0)
FNF:1
FNH:0
FNDA:0,(anonymous_0)
DA:4,0
DA:5,0
DA:8,0
DA:10,0
DA:13,0
DA:17,2
LF:6
LH:1
BRDA:8,0,0,0
BRDA:8,0,1,0
BRF:2
BRH:0
end_of_record
TN:
SF:utils\schedulerTasks.js
FN:4,(anonymous_0)
FN:19,(anonymous_1)
FNF:2
FNH:0
FNDA:0,(anonymous_0)
FNDA:0,(anonymous_1)
DA:1,2
DA:4,2
DA:5,0
DA:6,0
DA:7,0
DA:8,0
DA:9,0
DA:10,0
DA:12,0
DA:14,0
DA:15,0
DA:19,2
DA:20,0
DA:21,0
DA:23,0
DA:26,0
DA:31,0
DA:32,0
DA:34,0
DA:35,0
DA:36,0
DA:37,0
DA:40,0
DA:43,0
DA:44,0
DA:45,0
DA:48,0
DA:52,0
DA:53,0
DA:54,0
DA:56,0
DA:60,0
DA:64,2
LF:33
LH:4
BRDA:8,0,0,0
BRDA:8,0,1,0
BRDA:43,1,0,0
BRDA:43,1,1,0
BRDA:52,2,0,0
BRDA:52,2,1,0
BRF:6
BRH:0
end_of_record
TN:
SF:utils\sendEmail.js
FN:1,(anonymous_0)
FNF:1
FNH:0
FNDA:0,(anonymous_0)
DA:1,2
DA:7,0
DA:8,0
DA:9,0
DA:10,0
DA:11,0
DA:14,0
DA:17,2
LF:8
LH:2
BRF:0
BRH:0
end_of_record
